<?xml version="1.0" ?>
<!DOCTYPE coverage SYSTEM "http://cobertura.sourceforge.net/xml/coverage-04.dtd">
<coverage lines-valid="175" lines-covered="175" line-rate="1" branches-valid="77" branches-covered="77" branch-rate="1" timestamp="1636016828962" complexity="0" version="0.1">
  <sources>
    <source>F:\git\code-test</source>
  </sources>
  <packages>
    <package name="form.checkbox" line-rate="1" branch-rate="1">
      <classes>
        <class name="checkbox.tsx" filename="src\form\checkbox\checkbox.tsx" line-rate="1" branch-rate="1">
          <methods>
            <method name="(anonymous_0)" hits="15" signature="()V">
              <lines>
                <line number="15" hits="15"/>
              </lines>
            </method>
            <method name="(anonymous_1)" hits="27" signature="()V">
              <lines>
                <line number="17" hits="27"/>
              </lines>
            </method>
            <method name="(anonymous_2)" hits="27" signature="()V">
              <lines>
                <line number="26" hits="27"/>
              </lines>
            </method>
            <method name="useEvents" hits="15" signature="()V">
              <lines>
                <line number="42" hits="15"/>
              </lines>
            </method>
            <method name="(anonymous_4)" hits="3" signature="()V">
              <lines>
                <line number="44" hits="3"/>
              </lines>
            </method>
          </methods>
          <lines>
            <line number="16" hits="15" branch="false"/>
            <line number="17" hits="15" branch="false"/>
            <line number="18" hits="27" branch="false"/>
            <line number="26" hits="15" branch="false"/>
            <line number="27" hits="27" branch="false"/>
            <line number="43" hits="15" branch="false"/>
            <line number="44" hits="15" branch="false"/>
            <line number="45" hits="3" branch="false"/>
            <line number="46" hits="3" branch="false"/>
            <line number="47" hits="3" branch="false"/>
            <line number="49" hits="15" branch="false"/>
          </lines>
        </class>
        <class name="index.tsx" filename="src\form\checkbox\index.tsx" line-rate="0" branch-rate="0">
          <methods>
          </methods>
          <lines>
          </lines>
        </class>
        <class name="types.ts" filename="src\form\checkbox\types.ts" line-rate="1" branch-rate="1">
          <methods>
          </methods>
          <lines>
            <line number="9" hits="2" branch="false"/>
          </lines>
        </class>
      </classes>
    </package>
    <package name="pagination" line-rate="1" branch-rate="1">
      <classes>
        <class name="const.ts" filename="src\pagination\const.ts" line-rate="1" branch-rate="1">
          <methods>
          </methods>
          <lines>
            <line number="7" hits="2" branch="false"/>
            <line number="8" hits="2" branch="false"/>
            <line number="9" hits="2" branch="false"/>
          </lines>
        </class>
        <class name="index.tsx" filename="src\pagination\index.tsx" line-rate="0" branch-rate="0">
          <methods>
          </methods>
          <lines>
          </lines>
        </class>
        <class name="item.tsx" filename="src\pagination\item.tsx" line-rate="1" branch-rate="1">
          <methods>
            <method name="(anonymous_0)" hits="89" signature="()V">
              <lines>
                <line number="15" hits="89"/>
              </lines>
            </method>
            <method name="(anonymous_1)" hits="1" signature="()V">
              <lines>
                <line number="17" hits="1"/>
              </lines>
            </method>
            <method name="(anonymous_2)" hits="124" signature="()V">
              <lines>
                <line number="21" hits="124"/>
              </lines>
            </method>
            <method name="useClasses" hits="89" signature="()V">
              <lines>
                <line number="29" hits="89"/>
              </lines>
            </method>
            <method name="(anonymous_4)" hits="124" signature="()V">
              <lines>
                <line number="30" hits="124"/>
              </lines>
            </method>
          </methods>
          <lines>
            <line number="16" hits="89" branch="false"/>
            <line number="17" hits="89" branch="false"/>
            <line number="18" hits="1" branch="false"/>
            <line number="21" hits="89" branch="false"/>
            <line number="22" hits="124" branch="false"/>
            <line number="30" hits="124" branch="false"/>
          </lines>
        </class>
        <class name="pagination.tsx" filename="src\pagination\pagination.tsx" line-rate="1" branch-rate="1">
          <methods>
            <method name="(anonymous_0)" hits="18" signature="()V">
              <lines>
                <line number="18" hits="18"/>
              </lines>
            </method>
            <method name="(anonymous_1)" hits="19" signature="()V">
              <lines>
                <line number="20" hits="19"/>
              </lines>
            </method>
            <method name="(anonymous_2)" hits="24" signature="()V">
              <lines>
                <line number="35" hits="24"/>
              </lines>
            </method>
            <method name="(anonymous_3)" hits="1" signature="()V">
              <lines>
                <line number="38" hits="1"/>
              </lines>
            </method>
            <method name="(anonymous_4)" hits="2" signature="()V">
              <lines>
                <line number="44" hits="2"/>
              </lines>
            </method>
            <method name="useClasses" hits="18" signature="()V">
              <lines>
                <line number="51" hits="18"/>
              </lines>
            </method>
            <method name="(anonymous_6)" hits="23" signature="()V">
              <lines>
                <line number="52" hits="23"/>
              </lines>
            </method>
            <method name="(anonymous_7)" hits="24" signature="()V">
              <lines>
                <line number="58" hits="24"/>
              </lines>
            </method>
            <method name="getItemsNumber" hits="24" signature="()V">
              <lines>
                <line number="70" hits="24"/>
              </lines>
            </method>
            <method name="useRangeItems" hits="18" signature="()V">
              <lines>
                <line number="78" hits="18"/>
              </lines>
            </method>
            <method name="(anonymous_10)" hits="24" signature="()V">
              <lines>
                <line number="81" hits="24"/>
              </lines>
            </method>
            <method name="(anonymous_11)" hits="1" signature="()V">
              <lines>
                <line number="100" hits="1"/>
              </lines>
            </method>
            <method name="(anonymous_12)" hits="84" signature="()V">
              <lines>
                <line number="101" hits="84"/>
              </lines>
            </method>
            <method name="(anonymous_13)" hits="1" signature="()V">
              <lines>
                <line number="104" hits="1"/>
              </lines>
            </method>
            <method name="useEvents" hits="36" signature="()V">
              <lines>
                <line number="113" hits="36"/>
              </lines>
            </method>
            <method name="(anonymous_15)" hits="4" signature="()V">
              <lines>
                <line number="121" hits="4"/>
              </lines>
            </method>
            <method name="(anonymous_16)" hits="5" signature="()V">
              <lines>
                <line number="126" hits="5"/>
              </lines>
            </method>
          </methods>
          <lines>
            <line number="19" hits="18" branch="false"/>
            <line number="20" hits="18" branch="false"/>
            <line number="21" hits="19" branch="false"/>
            <line number="23" hits="18" branch="false"/>
            <line number="24" hits="18" branch="false"/>
            <line number="25" hits="18" branch="false"/>
            <line number="27" hits="18" branch="false"/>
            <line number="36" hits="24" branch="false"/>
            <line number="38" hits="1" branch="false"/>
            <line number="44" hits="2" branch="false"/>
            <line number="52" hits="18" branch="false"/>
            <line number="53" hits="23" branch="false"/>
            <line number="58" hits="18" branch="false"/>
            <line number="59" hits="24" branch="false"/>
            <line number="64" hits="18" branch="false"/>
            <line number="71" hits="24" branch="false"/>
            <line number="72" hits="24" branch="false"/>
            <line number="73" hits="84" branch="false"/>
            <line number="75" hits="24" branch="false"/>
            <line number="79" hits="18" branch="false"/>
            <line number="81" hits="18" branch="false"/>
            <line number="82" hits="24" branch="false"/>
            <line number="83" hits="24" branch="false"/>
            <line number="85" hits="24" branch="true" condition-coverage="100% (2/2)"/>
            <line number="86" hits="7" branch="false"/>
            <line number="88" hits="17" branch="false"/>
            <line number="89" hits="17" branch="false"/>
            <line number="90" hits="17" branch="false"/>
            <line number="91" hits="17" branch="false"/>
            <line number="95" hits="24" branch="true" condition-coverage="100% (2/2)"/>
            <line number="96" hits="24" branch="true" condition-coverage="100% (2/2)"/>
            <line number="98" hits="24" branch="false"/>
            <line number="100" hits="1" branch="true" condition-coverage="100% (2/2)"/>
            <line number="102" hits="84" branch="false"/>
            <line number="104" hits="1" branch="true" condition-coverage="100% (2/2)"/>
            <line number="108" hits="18" branch="false"/>
            <line number="114" hits="36" branch="false"/>
            <line number="116" hits="36" branch="false"/>
            <line number="121" hits="36" branch="false"/>
            <line number="122" hits="4" branch="false"/>
            <line number="123" hits="4" branch="false"/>
            <line number="126" hits="36" branch="true" condition-coverage="100% (1/1)"/>
            <line number="127" hits="5" branch="true" condition-coverage="100% (2/2)"/>
            <line number="128" hits="2" branch="false"/>
            <line number="130" hits="3" branch="false"/>
            <line number="131" hits="3" branch="false"/>
            <line number="132" hits="3" branch="false"/>
            <line number="135" hits="36" branch="false"/>
          </lines>
        </class>
        <class name="types.ts" filename="src\pagination\types.ts" line-rate="1" branch-rate="1">
          <methods>
          </methods>
          <lines>
            <line number="10" hits="2" branch="false"/>
            <line number="25" hits="2" branch="false"/>
          </lines>
        </class>
      </classes>
    </package>
    <package name="table" line-rate="1" branch-rate="1">
      <classes>
        <class name="Table.tsx" filename="src\table\Table.tsx" line-rate="1" branch-rate="1">
          <methods>
            <method name="(anonymous_0)" hits="13" signature="()V">
              <lines>
                <line number="23" hits="13"/>
              </lines>
            </method>
            <method name="(anonymous_1)" hits="15" signature="()V">
              <lines>
                <line number="25" hits="15"/>
              </lines>
            </method>
            <method name="(anonymous_2)" hits="14" signature="()V">
              <lines>
                <line number="26" hits="14"/>
              </lines>
            </method>
            <method name="(anonymous_3)" hits="25" signature="()V">
              <lines>
                <line number="33" hits="25"/>
              </lines>
            </method>
          </methods>
          <lines>
            <line number="24" hits="13" branch="false"/>
            <line number="25" hits="15" branch="false"/>
            <line number="26" hits="14" branch="false"/>
            <line number="27" hits="13" branch="false"/>
            <line number="28" hits="13" branch="false"/>
            <line number="29" hits="13" branch="false"/>
            <line number="30" hits="13" branch="false"/>
            <line number="31" hits="13" branch="false"/>
            <line number="33" hits="13" branch="false"/>
            <line number="34" hits="25" branch="false"/>
            <line number="35" hits="25" branch="false"/>
            <line number="36" hits="25" branch="false"/>
            <line number="37" hits="25" branch="false"/>
            <line number="39" hits="25" branch="false"/>
          </lines>
        </class>
        <class name="body.tsx" filename="src\table\body.tsx" line-rate="1" branch-rate="1">
          <methods>
            <method name="renderBody" hits="25" signature="()V">
              <lines>
                <line number="11" hits="25"/>
              </lines>
            </method>
            <method name="(anonymous_1)" hits="340" signature="()V">
              <lines>
                <line number="15" hits="340"/>
              </lines>
            </method>
            <method name="(anonymous_2)" hits="1" signature="()V">
              <lines>
                <line number="20" hits="1"/>
              </lines>
            </method>
            <method name="(anonymous_3)" hits="1020" signature="()V">
              <lines>
                <line number="25" hits="1020"/>
              </lines>
            </method>
            <method name="(anonymous_4)" hits="10" signature="()V">
              <lines>
                <line number="29" hits="10"/>
              </lines>
            </method>
          </methods>
          <lines>
            <line number="12" hits="25" branch="false"/>
            <line number="14" hits="25" branch="false"/>
            <line number="16" hits="340" branch="false"/>
            <line number="20" hits="1" branch="false"/>
            <line number="28" hits="1020" branch="false"/>
            <line number="29" hits="1020" branch="true" condition-coverage="100% (2/2)"/>
            <line number="30" hits="1020" branch="false"/>
          </lines>
        </class>
        <class name="const.ts" filename="src\table\const.ts" line-rate="1" branch-rate="1">
          <methods>
          </methods>
          <lines>
            <line number="8" hits="1" branch="false"/>
            <line number="21" hits="1" branch="false"/>
          </lines>
        </class>
        <class name="empty.tsx" filename="src\table\empty.tsx" line-rate="1" branch-rate="1">
          <methods>
            <method name="renderEmpty" hits="25" signature="()V">
              <lines>
                <line number="10" hits="25"/>
              </lines>
            </method>
          </methods>
          <lines>
            <line number="11" hits="25" branch="false"/>
          </lines>
        </class>
        <class name="header.tsx" filename="src\table\header.tsx" line-rate="1" branch-rate="1">
          <methods>
            <method name="renderHeader" hits="25" signature="()V">
              <lines>
                <line number="12" hits="25"/>
              </lines>
            </method>
            <method name="(anonymous_1)" hits="69" signature="()V">
              <lines>
                <line number="37" hits="69"/>
              </lines>
            </method>
            <method name="(anonymous_2)" hits="1" signature="()V">
              <lines>
                <line number="42" hits="1"/>
              </lines>
            </method>
            <method name="(anonymous_3)" hits="3" signature="()V">
              <lines>
                <line number="45" hits="3"/>
              </lines>
            </method>
          </methods>
          <lines>
            <line number="20" hits="25" branch="false"/>
            <line number="22" hits="25" branch="true" condition-coverage="100% (2/2)"/>
            <line number="23" hits="1" branch="false"/>
            <line number="26" hits="24" branch="false"/>
            <line number="38" hits="69" branch="false"/>
            <line number="39" hits="69" branch="true" condition-coverage="100% (2/2)"/>
            <line number="40" hits="69" branch="true" condition-coverage="100% (2/2)"/>
            <line number="41" hits="69" branch="false"/>
            <line number="42" hits="69" branch="true" condition-coverage="100% (2/2)"/>
            <line number="44" hits="69" branch="false"/>
            <line number="45" hits="3" branch="false"/>
          </lines>
        </class>
        <class name="index.ts" filename="src\table\index.ts" line-rate="0" branch-rate="0">
          <methods>
          </methods>
          <lines>
          </lines>
        </class>
        <class name="pagination.tsx" filename="src\table\pagination.tsx" line-rate="1" branch-rate="1">
          <methods>
            <method name="renderPagination" hits="25" signature="()V">
              <lines>
                <line number="11" hits="25"/>
              </lines>
            </method>
          </methods>
          <lines>
            <line number="12" hits="25" branch="false"/>
            <line number="14" hits="25" branch="true" condition-coverage="100% (2/2)"/>
            <line number="15" hits="2" branch="false"/>
            <line number="18" hits="23" branch="false"/>
          </lines>
        </class>
        <class name="types.ts" filename="src\table\types.ts" line-rate="1" branch-rate="1">
          <methods>
            <method name="(anonymous_0)" hits="1" signature="()V">
              <lines>
                <line number="47" hits="1"/>
              </lines>
            </method>
            <method name="(anonymous_1)" hits="1" signature="()V">
              <lines>
                <line number="51" hits="1"/>
              </lines>
            </method>
            <method name="(anonymous_2)" hits="11" signature="()V">
              <lines>
                <line number="55" hits="11"/>
              </lines>
            </method>
          </methods>
          <lines>
            <line number="44" hits="1" branch="false"/>
            <line number="47" hits="1" branch="false"/>
            <line number="51" hits="1" branch="false"/>
            <line number="55" hits="11" branch="false"/>
          </lines>
        </class>
      </classes>
    </package>
    <package name="table.composables" line-rate="1" branch-rate="1">
      <classes>
        <class name="use-checked.ts" filename="src\table\composables\use-checked.ts" line-rate="1" branch-rate="1">
          <methods>
            <method name="useChecked" hits="13" signature="()V">
              <lines>
                <line number="6" hits="13"/>
              </lines>
            </method>
            <method name="(anonymous_1)" hits="3" signature="()V">
              <lines>
                <line number="10" hits="3"/>
              </lines>
            </method>
            <method name="(anonymous_2)" hits="300" signature="()V">
              <lines>
                <line number="11" hits="300"/>
              </lines>
            </method>
            <method name="(anonymous_3)" hits="3" signature="()V">
              <lines>
                <line number="15" hits="3"/>
              </lines>
            </method>
            <method name="(anonymous_4)" hits="1" signature="()V">
              <lines>
                <line number="24" hits="1"/>
              </lines>
            </method>
            <method name="(anonymous_5)" hits="10" signature="()V">
              <lines>
                <line number="27" hits="10"/>
              </lines>
            </method>
            <method name="(anonymous_6)" hits="1" signature="()V">
              <lines>
                <line number="37" hits="1"/>
              </lines>
            </method>
            <method name="(anonymous_7)" hits="20" signature="()V">
              <lines>
                <line number="42" hits="20"/>
              </lines>
            </method>
            <method name="(anonymous_8)" hits="11" signature="()V">
              <lines>
                <line number="43" hits="11"/>
              </lines>
            </method>
          </methods>
          <lines>
            <line number="7" hits="13" branch="false"/>
            <line number="8" hits="13" branch="false"/>
            <line number="10" hits="13" branch="false"/>
            <line number="11" hits="300" branch="false"/>
            <line number="15" hits="13" branch="false"/>
            <line number="16" hits="3" branch="false"/>
            <line number="17" hits="3" branch="true" condition-coverage="100% (2/2)"/>
            <line number="24" hits="13" branch="false"/>
            <line number="25" hits="1" branch="false"/>
            <line number="26" hits="1" branch="false"/>
            <line number="27" hits="1" branch="false"/>
            <line number="28" hits="10" branch="true" condition-coverage="100% (2/2)"/>
            <line number="29" hits="9" branch="false"/>
            <line number="31" hits="10" branch="false"/>
            <line number="33" hits="1" branch="false"/>
            <line number="37" hits="13" branch="false"/>
            <line number="38" hits="1" branch="false"/>
            <line number="39" hits="1" branch="false"/>
            <line number="42" hits="13" branch="false"/>
            <line number="43" hits="20" branch="false"/>
            <line number="46" hits="13" branch="false"/>
          </lines>
        </class>
        <class name="use-classes.ts" filename="src\table\composables\use-classes.ts" line-rate="1" branch-rate="1">
          <methods>
            <method name="useClasses" hits="13" signature="()V">
              <lines>
                <line number="6" hits="13"/>
              </lines>
            </method>
            <method name="(anonymous_1)" hits="9" signature="()V">
              <lines>
                <line number="9" hits="9"/>
              </lines>
            </method>
            <method name="(anonymous_2)" hits="9" signature="()V">
              <lines>
                <line number="19" hits="9"/>
              </lines>
            </method>
          </methods>
          <lines>
            <line number="9" hits="13" branch="false"/>
            <line number="10" hits="9" branch="true" condition-coverage="100% (2/2)"/>
            <line number="11" hits="9" branch="true" condition-coverage="100% (2/2)"/>
            <line number="12" hits="9" branch="false"/>
            <line number="19" hits="13" branch="false"/>
            <line number="20" hits="9" branch="true" condition-coverage="100% (2/2)"/>
            <line number="25" hits="13" branch="false"/>
          </lines>
        </class>
        <class name="use-data.ts" filename="src\table\composables\use-data.ts" line-rate="1" branch-rate="1">
          <methods>
            <method name="useData" hits="13" signature="()V">
              <lines>
                <line number="7" hits="13"/>
              </lines>
            </method>
            <method name="(anonymous_1)" hits="14" signature="()V">
              <lines>
                <line number="8" hits="14"/>
              </lines>
            </method>
            <method name="(anonymous_2)" hits="800" signature="()V">
              <lines>
                <line number="9" hits="800"/>
              </lines>
            </method>
            <method name="(anonymous_3)" hits="16" signature="()V">
              <lines>
                <line number="16" hits="16"/>
              </lines>
            </method>
            <method name="(anonymous_4)" hits="21" signature="()V">
              <lines>
                <line number="23" hits="21"/>
              </lines>
            </method>
            <method name="(anonymous_5)" hits="6" signature="()V">
              <lines>
                <line number="36" hits="6"/>
              </lines>
            </method>
            <method name="(anonymous_6)" hits="8" signature="()V">
              <lines>
                <line number="40" hits="8"/>
              </lines>
            </method>
          </methods>
          <lines>
            <line number="8" hits="13" branch="false"/>
            <line number="9" hits="14" branch="false"/>
            <line number="10" hits="800" branch="true" condition-coverage="100% (2/2)"/>
            <line number="13" hits="13" branch="false"/>
            <line number="16" hits="13" branch="false"/>
            <line number="17" hits="16" branch="false"/>
            <line number="18" hits="16" branch="true" condition-coverage="100% (2/2)"/>
            <line number="19" hits="16" branch="true" condition-coverage="100% (2/2)"/>
            <line number="23" hits="13" branch="false"/>
            <line number="24" hits="21" branch="true" condition-coverage="100% (2/2)"/>
            <line number="25" hits="2" branch="false"/>
            <line number="28" hits="19" branch="false"/>
            <line number="29" hits="19" branch="false"/>
            <line number="30" hits="19" branch="true" condition-coverage="100% (2/2)"/>
            <line number="33" hits="13" branch="false"/>
            <line number="36" hits="13" branch="true" condition-coverage="100% (2/2)"/>
            <line number="37" hits="6" branch="false"/>
            <line number="40" hits="13" branch="false"/>
            <line number="41" hits="8" branch="false"/>
            <line number="44" hits="13" branch="false"/>
          </lines>
        </class>
        <class name="use-pager.ts" filename="src\table\composables\use-pager.ts" line-rate="1" branch-rate="1">
          <methods>
            <method name="usePager" hits="13" signature="()V">
              <lines>
                <line number="7" hits="13"/>
              </lines>
            </method>
            <method name="(anonymous_1)" hits="1" signature="()V">
              <lines>
                <line number="14" hits="1"/>
              </lines>
            </method>
            <method name="(anonymous_2)" hits="16" signature="()V">
              <lines>
                <line number="18" hits="16"/>
              </lines>
            </method>
            <method name="(anonymous_3)" hits="2" signature="()V">
              <lines>
                <line number="23" hits="2"/>
              </lines>
            </method>
          </methods>
          <lines>
            <line number="8" hits="13" branch="false"/>
            <line number="14" hits="13" branch="false"/>
            <line number="15" hits="1" branch="false"/>
            <line number="18" hits="13" branch="false"/>
            <line number="19" hits="16" branch="true" condition-coverage="100% (4/4)"/>
            <line number="23" hits="13" branch="false"/>
            <line number="24" hits="2" branch="true" condition-coverage="100% (2/2)"/>
            <line number="27" hits="13" branch="false"/>
          </lines>
        </class>
        <class name="use-sort.ts" filename="src\table\composables\use-sort.ts" line-rate="1" branch-rate="1">
          <methods>
            <method name="useSort" hits="13" signature="()V">
              <lines>
                <line number="6" hits="13"/>
              </lines>
            </method>
            <method name="(anonymous_1)" hits="3" signature="()V">
              <lines>
                <line number="13" hits="3"/>
              </lines>
            </method>
          </methods>
          <lines>
            <line number="7" hits="13" branch="false"/>
            <line number="13" hits="13" branch="false"/>
            <line number="14" hits="3" branch="false"/>
            <line number="15" hits="3" branch="true" condition-coverage="100% (2/2)"/>
            <line number="18" hits="13" branch="false"/>
          </lines>
        </class>
      </classes>
    </package>
  </packages>
</coverage>
