{"F:\\git\\code-test\\src\\form\\checkbox\\checkbox.tsx": {"path":"F:\\git\\code-test\\src\\form\\checkbox\\checkbox.tsx","statementMap":{"0":{"start":{"line":16,"column":27},"end":{"line":20,"column":3}},"1":{"start":{"line":17,"column":17},"end":{"line":17,"column":59}},"2":{"start":{"line":18,"column":3},"end":{"line":18,"column":41}},"3":{"start":{"line":19,"column":3},"end":{"line":19,"column":33}},"4":{"start":{"line":22,"column":18},"end":{"line":29,"column":4}},"5":{"start":{"line":23,"column":3},"end":{"line":28,"column":4}},"6":{"start":{"line":31,"column":2},"end":{"line":43,"column":3}},"7":{"start":{"line":32,"column":3},"end":{"line":42,"column":4}}},"fnMap":{"0":{"name":"(anonymous_0)","decl":{"start":{"line":15,"column":1},"end":{"line":15,"column":2}},"loc":{"start":{"line":15,"column":44},"end":{"line":44,"column":2}},"line":15},"1":{"name":"(anonymous_1)","decl":{"start":{"line":16,"column":27},"end":{"line":16,"column":28}},"loc":{"start":{"line":16,"column":45},"end":{"line":20,"column":3}},"line":16},"2":{"name":"(anonymous_2)","decl":{"start":{"line":22,"column":27},"end":{"line":22,"column":28}},"loc":{"start":{"line":22,"column":33},"end":{"line":29,"column":3}},"line":22},"3":{"name":"(anonymous_3)","decl":{"start":{"line":31,"column":9},"end":{"line":31,"column":10}},"loc":{"start":{"line":31,"column":15},"end":{"line":43,"column":3}},"line":31}},"branchMap":{},"s":{"0":15,"1":3,"2":3,"3":3,"4":15,"5":27,"6":15,"7":27},"f":{"0":15,"1":3,"2":27,"3":27},"b":{},"_coverageSchema":"1a1c01bbd47fc00a2c39e90264f33305004495a9","hash":"412cf41b744daad4ae4f57678f6a6daaaaa5962e"}
,"F:\\git\\code-test\\src\\form\\checkbox\\index.tsx": {"path":"F:\\git\\code-test\\src\\form\\checkbox\\index.tsx","statementMap":{},"fnMap":{},"branchMap":{},"s":{},"f":{},"b":{},"_coverageSchema":"1a1c01bbd47fc00a2c39e90264f33305004495a9","hash":"1e30f96fcc9861a3629c736cdf81af45c759ac60"}
,"F:\\git\\code-test\\src\\form\\checkbox\\types.ts": {"path":"F:\\git\\code-test\\src\\form\\checkbox\\types.ts","statementMap":{"0":{"start":{"line":9,"column":29},"end":{"line":25,"column":1}}},"fnMap":{},"branchMap":{},"s":{"0":2},"f":{},"b":{},"_coverageSchema":"1a1c01bbd47fc00a2c39e90264f33305004495a9","hash":"868cb1636af0310d38858a65c23a43012f7c57a1"}
,"F:\\git\\code-test\\src\\pagination\\index.tsx": {"path":"F:\\git\\code-test\\src\\pagination\\index.tsx","statementMap":{},"fnMap":{},"branchMap":{},"s":{},"f":{},"b":{},"_coverageSchema":"1a1c01bbd47fc00a2c39e90264f33305004495a9","hash":"25a07f3912e4aeb10184748e824ac6fcd8c78f94"}
,"F:\\git\\code-test\\src\\pagination\\item.tsx": {"path":"F:\\git\\code-test\\src\\pagination\\item.tsx","statementMap":{"0":{"start":{"line":16,"column":20},"end":{"line":16,"column":37}},"1":{"start":{"line":17,"column":20},"end":{"line":19,"column":5}},"2":{"start":{"line":18,"column":6},"end":{"line":18,"column":34}},"3":{"start":{"line":21,"column":4},"end":{"line":25,"column":5}},"4":{"start":{"line":22,"column":6},"end":{"line":24,"column":7}},"5":{"start":{"line":30,"column":2},"end":{"line":33,"column":6}},"6":{"start":{"line":30,"column":25},"end":{"line":33,"column":3}}},"fnMap":{"0":{"name":"(anonymous_0)","decl":{"start":{"line":15,"column":2},"end":{"line":15,"column":3}},"loc":{"start":{"line":15,"column":42},"end":{"line":26,"column":3}},"line":15},"1":{"name":"(anonymous_1)","decl":{"start":{"line":17,"column":20},"end":{"line":17,"column":21}},"loc":{"start":{"line":17,"column":26},"end":{"line":19,"column":5}},"line":17},"2":{"name":"(anonymous_2)","decl":{"start":{"line":21,"column":11},"end":{"line":21,"column":12}},"loc":{"start":{"line":21,"column":17},"end":{"line":25,"column":5}},"line":21},"3":{"name":"useClasses","decl":{"start":{"line":29,"column":9},"end":{"line":29,"column":19}},"loc":{"start":{"line":29,"column":44},"end":{"line":34,"column":1}},"line":29},"4":{"name":"(anonymous_4)","decl":{"start":{"line":30,"column":18},"end":{"line":30,"column":19}},"loc":{"start":{"line":30,"column":25},"end":{"line":33,"column":3}},"line":30}},"branchMap":{},"s":{"0":76,"1":76,"2":1,"3":76,"4":111,"5":76,"6":111},"f":{"0":76,"1":1,"2":111,"3":76,"4":111},"b":{},"_coverageSchema":"1a1c01bbd47fc00a2c39e90264f33305004495a9","hash":"fb95e31967746a5059ca9ce628c0c726773334c0"}
,"F:\\git\\code-test\\src\\pagination\\pagination.tsx": {"path":"F:\\git\\code-test\\src\\pagination\\pagination.tsx","statementMap":{"0":{"start":{"line":18,"column":18},"end":{"line":20,"column":4}},"1":{"start":{"line":19,"column":3},"end":{"line":19,"column":50}},"2":{"start":{"line":21,"column":31},"end":{"line":21,"column":57}},"3":{"start":{"line":22,"column":19},"end":{"line":22,"column":57}},"4":{"start":{"line":23,"column":27},"end":{"line":23,"column":61}},"5":{"start":{"line":25,"column":2},"end":{"line":31,"column":3}},"6":{"start":{"line":34,"column":2},"end":{"line":45,"column":7}},"7":{"start":{"line":36,"column":55},"end":{"line":36,"column":76}},"8":{"start":{"line":42,"column":55},"end":{"line":42,"column":74}},"9":{"start":{"line":50,"column":17},"end":{"line":55,"column":3}},"10":{"start":{"line":51,"column":2},"end":{"line":54,"column":3}},"11":{"start":{"line":56,"column":17},"end":{"line":61,"column":3}},"12":{"start":{"line":57,"column":2},"end":{"line":60,"column":3}},"13":{"start":{"line":62,"column":1},"end":{"line":65,"column":2}},"14":{"start":{"line":69,"column":12},"end":{"line":69,"column":14}},"15":{"start":{"line":70,"column":1},"end":{"line":72,"column":2}},"16":{"start":{"line":70,"column":14},"end":{"line":70,"column":19}},"17":{"start":{"line":71,"column":2},"end":{"line":71,"column":15}},"18":{"start":{"line":73,"column":1},"end":{"line":73,"column":13}},"19":{"start":{"line":77,"column":1},"end":{"line":107,"column":3}},"20":{"start":{"line":78,"column":22},"end":{"line":78,"column":23}},"21":{"start":{"line":79,"column":16},"end":{"line":79,"column":17}},"22":{"start":{"line":80,"column":19},"end":{"line":80,"column":38}},"23":{"start":{"line":81,"column":25},"end":{"line":81,"column":60}},"24":{"start":{"line":82,"column":40},"end":{"line":82,"column":74}},"25":{"start":{"line":83,"column":28},"end":{"line":83,"column":30}},"26":{"start":{"line":85,"column":2},"end":{"line":92,"column":3}},"27":{"start":{"line":86,"column":3},"end":{"line":86,"column":52}},"28":{"start":{"line":88,"column":14},"end":{"line":88,"column":52}},"29":{"start":{"line":89,"column":3},"end":{"line":89,"column":58}},"30":{"start":{"line":90,"column":13},"end":{"line":90,"column":56}},"31":{"start":{"line":91,"column":3},"end":{"line":91,"column":41}},"32":{"start":{"line":95,"column":19},"end":{"line":95,"column":67}},"33":{"start":{"line":96,"column":19},"end":{"line":96,"column":87}},"34":{"start":{"line":98,"column":2},"end":{"line":106,"column":3}},"35":{"start":{"line":100,"column":113},"end":{"line":100,"column":139}},"36":{"start":{"line":102,"column":4},"end":{"line":102,"column":101}},"37":{"start":{"line":104,"column":113},"end":{"line":104,"column":138}},"38":{"start":{"line":113,"column":17},"end":{"line":116,"column":3}},"39":{"start":{"line":118,"column":21},"end":{"line":121,"column":2}},"40":{"start":{"line":119,"column":2},"end":{"line":119,"column":34}},"41":{"start":{"line":120,"column":2},"end":{"line":120,"column":42}},"42":{"start":{"line":123,"column":22},"end":{"line":130,"column":2}},"43":{"start":{"line":124,"column":2},"end":{"line":126,"column":3}},"44":{"start":{"line":125,"column":3},"end":{"line":125,"column":10}},"45":{"start":{"line":127,"column":20},"end":{"line":127,"column":41}},"46":{"start":{"line":128,"column":2},"end":{"line":128,"column":66}},"47":{"start":{"line":129,"column":2},"end":{"line":129,"column":27}},"48":{"start":{"line":132,"column":1},"end":{"line":135,"column":2}}},"fnMap":{"0":{"name":"(anonymous_0)","decl":{"start":{"line":17,"column":1},"end":{"line":17,"column":2}},"loc":{"start":{"line":17,"column":46},"end":{"line":32,"column":2}},"line":17},"1":{"name":"(anonymous_1)","decl":{"start":{"line":18,"column":27},"end":{"line":18,"column":28}},"loc":{"start":{"line":18,"column":33},"end":{"line":20,"column":3}},"line":18},"2":{"name":"(anonymous_2)","decl":{"start":{"line":33,"column":1},"end":{"line":33,"column":2}},"loc":{"start":{"line":33,"column":10},"end":{"line":46,"column":2}},"line":33},"3":{"name":"(anonymous_3)","decl":{"start":{"line":36,"column":49},"end":{"line":36,"column":50}},"loc":{"start":{"line":36,"column":55},"end":{"line":36,"column":76}},"line":36},"4":{"name":"(anonymous_4)","decl":{"start":{"line":42,"column":49},"end":{"line":42,"column":50}},"loc":{"start":{"line":42,"column":55},"end":{"line":42,"column":74}},"line":42},"5":{"name":"useClasses","decl":{"start":{"line":49,"column":9},"end":{"line":49,"column":19}},"loc":{"start":{"line":49,"column":72},"end":{"line":66,"column":1}},"line":49},"6":{"name":"(anonymous_6)","decl":{"start":{"line":50,"column":26},"end":{"line":50,"column":27}},"loc":{"start":{"line":50,"column":32},"end":{"line":55,"column":2}},"line":50},"7":{"name":"(anonymous_7)","decl":{"start":{"line":56,"column":26},"end":{"line":56,"column":27}},"loc":{"start":{"line":56,"column":32},"end":{"line":61,"column":2}},"line":56},"8":{"name":"getItemsNumber","decl":{"start":{"line":68,"column":9},"end":{"line":68,"column":23}},"loc":{"start":{"line":68,"column":52},"end":{"line":74,"column":1}},"line":68},"9":{"name":"getRangeItems","decl":{"start":{"line":76,"column":9},"end":{"line":76,"column":22}},"loc":{"start":{"line":76,"column":98},"end":{"line":108,"column":1}},"line":76},"10":{"name":"(anonymous_10)","decl":{"start":{"line":77,"column":17},"end":{"line":77,"column":18}},"loc":{"start":{"line":77,"column":23},"end":{"line":107,"column":2}},"line":77},"11":{"name":"(anonymous_11)","decl":{"start":{"line":100,"column":107},"end":{"line":100,"column":108}},"loc":{"start":{"line":100,"column":113},"end":{"line":100,"column":139}},"line":100},"12":{"name":"(anonymous_12)","decl":{"start":{"line":101,"column":20},"end":{"line":101,"column":21}},"loc":{"start":{"line":101,"column":25},"end":{"line":103,"column":4}},"line":101},"13":{"name":"(anonymous_13)","decl":{"start":{"line":104,"column":107},"end":{"line":104,"column":108}},"loc":{"start":{"line":104,"column":113},"end":{"line":104,"column":138}},"line":104},"14":{"name":"getEvents","decl":{"start":{"line":110,"column":9},"end":{"line":110,"column":18}},"loc":{"start":{"line":110,"column":94},"end":{"line":136,"column":1}},"line":110},"15":{"name":"(anonymous_15)","decl":{"start":{"line":118,"column":21},"end":{"line":118,"column":22}},"loc":{"start":{"line":118,"column":42},"end":{"line":121,"column":2}},"line":118},"16":{"name":"(anonymous_16)","decl":{"start":{"line":123,"column":22},"end":{"line":123,"column":23}},"loc":{"start":{"line":123,"column":37},"end":{"line":130,"column":2}},"line":123}},"branchMap":{"0":{"loc":{"start":{"line":85,"column":2},"end":{"line":92,"column":3}},"type":"if","locations":[{"start":{"line":85,"column":2},"end":{"line":92,"column":3}},{"start":{"line":85,"column":2},"end":{"line":92,"column":3}}],"line":85},"1":{"loc":{"start":{"line":95,"column":19},"end":{"line":95,"column":67}},"type":"binary-expr","locations":[{"start":{"line":95,"column":19},"end":{"line":95,"column":33}},{"start":{"line":95,"column":38},"end":{"line":95,"column":66}}],"line":95},"2":{"loc":{"start":{"line":96,"column":19},"end":{"line":96,"column":87}},"type":"binary-expr","locations":[{"start":{"line":96,"column":19},"end":{"line":96,"column":33}},{"start":{"line":96,"column":38},"end":{"line":96,"column":86}}],"line":96},"3":{"loc":{"start":{"line":100,"column":3},"end":{"line":100,"column":146}},"type":"binary-expr","locations":[{"start":{"line":100,"column":3},"end":{"line":100,"column":11}},{"start":{"line":100,"column":15},"end":{"line":100,"column":146}}],"line":100},"4":{"loc":{"start":{"line":104,"column":3},"end":{"line":104,"column":145}},"type":"binary-expr","locations":[{"start":{"line":104,"column":3},"end":{"line":104,"column":11}},{"start":{"line":104,"column":15},"end":{"line":104,"column":145}}],"line":104},"5":{"loc":{"start":{"line":105,"column":3},"end":{"line":105,"column":116}},"type":"binary-expr","locations":[{"start":{"line":105,"column":3},"end":{"line":105,"column":20}},{"start":{"line":105,"column":24},"end":{"line":105,"column":116}}],"line":105},"6":{"loc":{"start":{"line":123,"column":23},"end":{"line":123,"column":32}},"type":"default-arg","locations":[{"start":{"line":123,"column":31},"end":{"line":123,"column":32}}],"line":123},"7":{"loc":{"start":{"line":124,"column":2},"end":{"line":126,"column":3}},"type":"if","locations":[{"start":{"line":124,"column":2},"end":{"line":126,"column":3}},{"start":{"line":124,"column":2},"end":{"line":126,"column":3}}],"line":124}},"s":{"0":17,"1":17,"2":17,"3":17,"4":17,"5":17,"6":22,"7":1,"8":2,"9":17,"10":22,"11":17,"12":22,"13":17,"14":22,"15":22,"16":22,"17":74,"18":22,"19":17,"20":22,"21":22,"22":22,"23":22,"24":22,"25":22,"26":22,"27":7,"28":15,"29":15,"30":15,"31":15,"32":22,"33":22,"34":22,"35":1,"36":74,"37":1,"38":39,"39":39,"40":4,"41":4,"42":39,"43":5,"44":2,"45":3,"46":3,"47":3,"48":39},"f":{"0":17,"1":17,"2":22,"3":1,"4":2,"5":17,"6":22,"7":22,"8":22,"9":17,"10":22,"11":1,"12":74,"13":1,"14":39,"15":4,"16":5},"b":{"0":[7,15],"1":[22,15],"2":[22,15],"3":[22,3],"4":[22,14],"5":[22,15],"6":[2],"7":[2,3]},"_coverageSchema":"1a1c01bbd47fc00a2c39e90264f33305004495a9","hash":"6d2f24b77cddfef5610c82afd763f8478c29eca2"}
,"F:\\git\\code-test\\src\\pagination\\types.ts": {"path":"F:\\git\\code-test\\src\\pagination\\types.ts","statementMap":{"0":{"start":{"line":10,"column":31},"end":{"line":22,"column":1}},"1":{"start":{"line":25,"column":25},"end":{"line":34,"column":1}}},"fnMap":{},"branchMap":{},"s":{"0":2,"1":2},"f":{},"b":{},"_coverageSchema":"1a1c01bbd47fc00a2c39e90264f33305004495a9","hash":"14f22fb3506e4c7212cd188ff631dc2c94661095"}
,"F:\\git\\code-test\\src\\table\\Table.tsx": {"path":"F:\\git\\code-test\\src\\table\\Table.tsx","statementMap":{"0":{"start":{"line":20,"column":44},"end":{"line":20,"column":57}},"1":{"start":{"line":21,"column":24},"end":{"line":21,"column":58}},"2":{"start":{"line":21,"column":39},"end":{"line":21,"column":57}},"3":{"start":{"line":22,"column":18},"end":{"line":22,"column":51}},"4":{"start":{"line":22,"column":33},"end":{"line":22,"column":50}},"5":{"start":{"line":23,"column":40},"end":{"line":23,"column":49}},"6":{"start":{"line":24,"column":49},"end":{"line":24,"column":76}},"7":{"start":{"line":25,"column":36},"end":{"line":25,"column":92}},"8":{"start":{"line":26,"column":77},"end":{"line":26,"column":108}},"9":{"start":{"line":27,"column":36},"end":{"line":27,"column":57}},"10":{"start":{"line":29,"column":4},"end":{"line":49,"column":5}},"11":{"start":{"line":30,"column":25},"end":{"line":30,"column":126}},"12":{"start":{"line":31,"column":24},"end":{"line":31,"column":51}},"13":{"start":{"line":32,"column":23},"end":{"line":32,"column":103}},"14":{"start":{"line":33,"column":29},"end":{"line":33,"column":111}},"15":{"start":{"line":35,"column":6},"end":{"line":48,"column":7}}},"fnMap":{"0":{"name":"(anonymous_0)","decl":{"start":{"line":19,"column":2},"end":{"line":19,"column":3}},"loc":{"start":{"line":19,"column":42},"end":{"line":50,"column":3}},"line":19},"1":{"name":"(anonymous_1)","decl":{"start":{"line":21,"column":33},"end":{"line":21,"column":34}},"loc":{"start":{"line":21,"column":39},"end":{"line":21,"column":57}},"line":21},"2":{"name":"(anonymous_2)","decl":{"start":{"line":22,"column":27},"end":{"line":22,"column":28}},"loc":{"start":{"line":22,"column":33},"end":{"line":22,"column":50}},"line":22},"3":{"name":"(anonymous_3)","decl":{"start":{"line":29,"column":11},"end":{"line":29,"column":12}},"loc":{"start":{"line":29,"column":17},"end":{"line":49,"column":5}},"line":29}},"branchMap":{"0":{"loc":{"start":{"line":43,"column":15},"end":{"line":43,"column":56}},"type":"cond-expr","locations":[{"start":{"line":43,"column":36},"end":{"line":43,"column":45}},{"start":{"line":43,"column":48},"end":{"line":43,"column":56}}],"line":43},"1":{"loc":{"start":{"line":46,"column":12},"end":{"line":46,"column":56}},"type":"binary-expr","locations":[{"start":{"line":46,"column":12},"end":{"line":46,"column":38}},{"start":{"line":46,"column":42},"end":{"line":46,"column":56}}],"line":46}},"s":{"0":12,"1":12,"2":14,"3":12,"4":12,"5":12,"6":12,"7":12,"8":12,"9":12,"10":12,"11":20,"12":20,"13":20,"14":20,"15":20},"f":{"0":12,"1":14,"2":12,"3":20},"b":{"0":[9,11],"1":[20,18]},"_coverageSchema":"1a1c01bbd47fc00a2c39e90264f33305004495a9","hash":"cc2e499a709d3ccc54819a15a23e74e726941c50"}
,"F:\\git\\code-test\\src\\table\\body.tsx": {"path":"F:\\git\\code-test\\src\\table\\body.tsx","statementMap":{"0":{"start":{"line":12,"column":78},"end":{"line":12,"column":85}},"1":{"start":{"line":14,"column":1},"end":{"line":37,"column":2}},"2":{"start":{"line":16,"column":3},"end":{"line":35,"column":8}},"3":{"start":{"line":20,"column":61},"end":{"line":20,"column":85}},"4":{"start":{"line":28,"column":21},"end":{"line":28,"column":62}},"5":{"start":{"line":29,"column":23},"end":{"line":29,"column":69}},"6":{"start":{"line":29,"column":45},"end":{"line":29,"column":68}},"7":{"start":{"line":30,"column":6},"end":{"line":32,"column":11}}},"fnMap":{"0":{"name":"renderBody","decl":{"start":{"line":11,"column":16},"end":{"line":11,"column":26}},"loc":{"start":{"line":11,"column":54},"end":{"line":38,"column":1}},"line":11},"1":{"name":"(anonymous_1)","decl":{"start":{"line":15,"column":22},"end":{"line":15,"column":23}},"loc":{"start":{"line":15,"column":32},"end":{"line":36,"column":3}},"line":15},"2":{"name":"(anonymous_2)","decl":{"start":{"line":20,"column":55},"end":{"line":20,"column":56}},"loc":{"start":{"line":20,"column":61},"end":{"line":20,"column":85}},"line":20},"3":{"name":"(anonymous_3)","decl":{"start":{"line":25,"column":23},"end":{"line":25,"column":24}},"loc":{"start":{"line":25,"column":33},"end":{"line":33,"column":6}},"line":25},"4":{"name":"(anonymous_4)","decl":{"start":{"line":29,"column":36},"end":{"line":29,"column":37}},"loc":{"start":{"line":29,"column":45},"end":{"line":29,"column":68}},"line":29}},"branchMap":{"0":{"loc":{"start":{"line":17,"column":5},"end":{"line":22,"column":10}},"type":"binary-expr","locations":[{"start":{"line":17,"column":5},"end":{"line":17,"column":21}},{"start":{"line":18,"column":5},"end":{"line":22,"column":10}}],"line":17},"1":{"loc":{"start":{"line":29,"column":45},"end":{"line":29,"column":68}},"type":"binary-expr","locations":[{"start":{"line":29,"column":45},"end":{"line":29,"column":55}},{"start":{"line":29,"column":59},"end":{"line":29,"column":68}}],"line":29},"2":{"loc":{"start":{"line":31,"column":8},"end":{"line":31,"column":46}},"type":"cond-expr","locations":[{"start":{"line":31,"column":19},"end":{"line":31,"column":25}},{"start":{"line":31,"column":28},"end":{"line":31,"column":46}}],"line":31}},"s":{"0":20,"1":20,"2":290,"3":1,"4":870,"5":870,"6":10,"7":870},"f":{"0":20,"1":290,"2":1,"3":870,"4":10},"b":{"0":[290,30],"1":[10,10],"2":[10,860]},"_coverageSchema":"1a1c01bbd47fc00a2c39e90264f33305004495a9","hash":"186b18d6bf90e2de560cea6f4127d20c43c79039"}
,"F:\\git\\code-test\\src\\table\\const.ts": {"path":"F:\\git\\code-test\\src\\table\\const.ts","statementMap":{"0":{"start":{"line":8,"column":26},"end":{"line":12,"column":1}},"1":{"start":{"line":21,"column":24},"end":{"line":24,"column":2}}},"fnMap":{},"branchMap":{},"s":{"0":1,"1":1},"f":{},"b":{},"_coverageSchema":"1a1c01bbd47fc00a2c39e90264f33305004495a9","hash":"06fa33c3f0bef9e34f2f33d07b5ef927fa2ec769"}
,"F:\\git\\code-test\\src\\table\\empty.tsx": {"path":"F:\\git\\code-test\\src\\table\\empty.tsx","statementMap":{"0":{"start":{"line":11,"column":1},"end":{"line":17,"column":2}}},"fnMap":{"0":{"name":"renderEmpty","decl":{"start":{"line":10,"column":16},"end":{"line":10,"column":27}},"loc":{"start":{"line":10,"column":76},"end":{"line":18,"column":1}},"line":10}},"branchMap":{"0":{"loc":{"start":{"line":14,"column":5},"end":{"line":14,"column":48}},"type":"binary-expr","locations":[{"start":{"line":14,"column":5},"end":{"line":14,"column":29}},{"start":{"line":14,"column":33},"end":{"line":14,"column":48}}],"line":14}},"s":{"0":20},"f":{"0":20},"b":{"0":[20,19]},"_coverageSchema":"1a1c01bbd47fc00a2c39e90264f33305004495a9","hash":"a3b16642aa8ecc4dc4b4d7f46a1dc0ba835da187"}
,"F:\\git\\code-test\\src\\table\\header.tsx": {"path":"F:\\git\\code-test\\src\\table\\header.tsx","statementMap":{"0":{"start":{"line":20,"column":19},"end":{"line":20,"column":26}},"1":{"start":{"line":22,"column":1},"end":{"line":24,"column":2}},"2":{"start":{"line":23,"column":2},"end":{"line":23,"column":14}},"3":{"start":{"line":26,"column":1},"end":{"line":61,"column":2}},"4":{"start":{"line":38,"column":24},"end":{"line":38,"column":52}},"5":{"start":{"line":39,"column":26},"end":{"line":39,"column":68}},"6":{"start":{"line":40,"column":27},"end":{"line":40,"column":70}},"7":{"start":{"line":41,"column":21},"end":{"line":41,"column":56}},"8":{"start":{"line":42,"column":23},"end":{"line":42,"column":69}},"9":{"start":{"line":42,"column":45},"end":{"line":42,"column":68}},"10":{"start":{"line":44,"column":6},"end":{"line":56,"column":7}},"11":{"start":{"line":45,"column":115},"end":{"line":45,"column":135}}},"fnMap":{"0":{"name":"renderHeader","decl":{"start":{"line":12,"column":16},"end":{"line":12,"column":28}},"loc":{"start":{"line":12,"column":58},"end":{"line":62,"column":1}},"line":12},"1":{"name":"(anonymous_1)","decl":{"start":{"line":37,"column":23},"end":{"line":37,"column":24}},"loc":{"start":{"line":37,"column":33},"end":{"line":57,"column":6}},"line":37},"2":{"name":"(anonymous_2)","decl":{"start":{"line":42,"column":36},"end":{"line":42,"column":37}},"loc":{"start":{"line":42,"column":45},"end":{"line":42,"column":68}},"line":42},"3":{"name":"(anonymous_3)","decl":{"start":{"line":45,"column":109},"end":{"line":45,"column":110}},"loc":{"start":{"line":45,"column":115},"end":{"line":45,"column":135}},"line":45}},"branchMap":{"0":{"loc":{"start":{"line":22,"column":1},"end":{"line":24,"column":2}},"type":"if","locations":[{"start":{"line":22,"column":1},"end":{"line":24,"column":2}},{"start":{"line":22,"column":1},"end":{"line":24,"column":2}}],"line":22},"1":{"loc":{"start":{"line":29,"column":5},"end":{"line":34,"column":10}},"type":"binary-expr","locations":[{"start":{"line":29,"column":5},"end":{"line":29,"column":21}},{"start":{"line":30,"column":5},"end":{"line":34,"column":10}}],"line":29},"2":{"loc":{"start":{"line":39,"column":26},"end":{"line":39,"column":68}},"type":"binary-expr","locations":[{"start":{"line":39,"column":26},"end":{"line":39,"column":35}},{"start":{"line":39,"column":39},"end":{"line":39,"column":68}}],"line":39},"3":{"loc":{"start":{"line":40,"column":27},"end":{"line":40,"column":70}},"type":"binary-expr","locations":[{"start":{"line":40,"column":27},"end":{"line":40,"column":36}},{"start":{"line":40,"column":40},"end":{"line":40,"column":70}}],"line":40},"4":{"loc":{"start":{"line":42,"column":45},"end":{"line":42,"column":68}},"type":"binary-expr","locations":[{"start":{"line":42,"column":45},"end":{"line":42,"column":55}},{"start":{"line":42,"column":59},"end":{"line":42,"column":68}}],"line":42},"5":{"loc":{"start":{"line":47,"column":10},"end":{"line":47,"column":115}},"type":"cond-expr","locations":[{"start":{"line":47,"column":21},"end":{"line":47,"column":27}},{"start":{"line":47,"column":30},"end":{"line":47,"column":115}}],"line":47},"6":{"loc":{"start":{"line":48,"column":10},"end":{"line":52,"column":17}},"type":"binary-expr","locations":[{"start":{"line":48,"column":10},"end":{"line":48,"column":25}},{"start":{"line":49,"column":10},"end":{"line":52,"column":17}}],"line":48},"7":{"loc":{"start":{"line":50,"column":58},"end":{"line":50,"column":102}},"type":"cond-expr","locations":[{"start":{"line":50,"column":72},"end":{"line":50,"column":97}},{"start":{"line":50,"column":100},"end":{"line":50,"column":102}}],"line":50},"8":{"loc":{"start":{"line":51,"column":62},"end":{"line":51,"column":107}},"type":"cond-expr","locations":[{"start":{"line":51,"column":77},"end":{"line":51,"column":102}},{"start":{"line":51,"column":105},"end":{"line":51,"column":107}}],"line":51}},"s":{"0":20,"1":20,"2":1,"3":19,"4":54,"5":54,"6":54,"7":54,"8":54,"9":1,"10":54,"11":3},"f":{"0":20,"1":54,"2":1,"3":3},"b":{"0":[1,19],"1":[19,3],"2":[54,3],"3":[54,3],"4":[1,1],"5":[1,53],"6":[54,18],"7":[1,17],"8":[1,17]},"_coverageSchema":"1a1c01bbd47fc00a2c39e90264f33305004495a9","hash":"ce83038742ded7a7e4ba1fbb88e60119363266a8"}
,"F:\\git\\code-test\\src\\table\\hooks.tsx": {"path":"F:\\git\\code-test\\src\\table\\hooks.tsx","statementMap":{"0":{"start":{"line":14,"column":19},"end":{"line":14,"column":70}},"1":{"start":{"line":20,"column":22},"end":{"line":23,"column":2}},"2":{"start":{"line":21,"column":2},"end":{"line":21,"column":29}},"3":{"start":{"line":22,"column":2},"end":{"line":22,"column":80}},"4":{"start":{"line":25,"column":1},"end":{"line":28,"column":2}},"5":{"start":{"line":33,"column":27},"end":{"line":33,"column":82}},"6":{"start":{"line":39,"column":23},"end":{"line":41,"column":2}},"7":{"start":{"line":40,"column":2},"end":{"line":40,"column":36}},"8":{"start":{"line":43,"column":1},"end":{"line":45,"column":4}},"9":{"start":{"line":44,"column":2},"end":{"line":44,"column":88}},"10":{"start":{"line":48,"column":1},"end":{"line":50,"column":20}},"11":{"start":{"line":49,"column":2},"end":{"line":49,"column":41}},"12":{"start":{"line":52,"column":1},"end":{"line":55,"column":2}},"13":{"start":{"line":60,"column":20},"end":{"line":64,"column":3}},"14":{"start":{"line":61,"column":2},"end":{"line":63,"column":5}},"15":{"start":{"line":62,"column":3},"end":{"line":62,"column":56}},"16":{"start":{"line":65,"column":12},"end":{"line":65,"column":32}},"17":{"start":{"line":68,"column":18},"end":{"line":72,"column":3}},"18":{"start":{"line":69,"column":21},"end":{"line":69,"column":62}},"19":{"start":{"line":70,"column":2},"end":{"line":70,"column":57}},"20":{"start":{"line":71,"column":2},"end":{"line":71,"column":57}},"21":{"start":{"line":75,"column":19},"end":{"line":83,"column":3}},"22":{"start":{"line":76,"column":2},"end":{"line":78,"column":3}},"23":{"start":{"line":77,"column":3},"end":{"line":77,"column":27}},"24":{"start":{"line":80,"column":20},"end":{"line":80,"column":66}},"25":{"start":{"line":81,"column":18},"end":{"line":81,"column":83}},"26":{"start":{"line":82,"column":2},"end":{"line":82,"column":55}},"27":{"start":{"line":85,"column":19},"end":{"line":85,"column":39}},"28":{"start":{"line":88,"column":1},"end":{"line":90,"column":20}},"29":{"start":{"line":89,"column":2},"end":{"line":89,"column":44}},"30":{"start":{"line":92,"column":1},"end":{"line":94,"column":4}},"31":{"start":{"line":93,"column":2},"end":{"line":93,"column":36}},"32":{"start":{"line":96,"column":1},"end":{"line":99,"column":2}},"33":{"start":{"line":104,"column":17},"end":{"line":104,"column":27}},"34":{"start":{"line":105,"column":12},"end":{"line":105,"column":32}},"35":{"start":{"line":107,"column":22},"end":{"line":109,"column":3}},"36":{"start":{"line":108,"column":2},"end":{"line":108,"column":53}},"37":{"start":{"line":108,"column":38},"end":{"line":108,"column":51}},"38":{"start":{"line":112,"column":23},"end":{"line":115,"column":3}},"39":{"start":{"line":113,"column":22},"end":{"line":113,"column":47}},"40":{"start":{"line":114,"column":2},"end":{"line":114,"column":65}},"41":{"start":{"line":121,"column":28},"end":{"line":131,"column":2}},"42":{"start":{"line":122,"column":2},"end":{"line":122,"column":28}},"43":{"start":{"line":123,"column":39},"end":{"line":123,"column":41}},"44":{"start":{"line":124,"column":2},"end":{"line":129,"column":5}},"45":{"start":{"line":125,"column":3},"end":{"line":127,"column":4}},"46":{"start":{"line":126,"column":4},"end":{"line":126,"column":29}},"47":{"start":{"line":128,"column":3},"end":{"line":128,"column":29}},"48":{"start":{"line":130,"column":2},"end":{"line":130,"column":50}},"49":{"start":{"line":134,"column":26},"end":{"line":137,"column":2}},"50":{"start":{"line":135,"column":2},"end":{"line":135,"column":37}},"51":{"start":{"line":136,"column":2},"end":{"line":136,"column":51}},"52":{"start":{"line":139,"column":1},"end":{"line":141,"column":25}},"53":{"start":{"line":140,"column":2},"end":{"line":140,"column":63}},"54":{"start":{"line":140,"column":48},"end":{"line":140,"column":61}},"55":{"start":{"line":143,"column":1},"end":{"line":148,"column":2}},"56":{"start":{"line":155,"column":19},"end":{"line":162,"column":3}},"57":{"start":{"line":156,"column":22},"end":{"line":156,"column":101}},"58":{"start":{"line":157,"column":15},"end":{"line":157,"column":63}},"59":{"start":{"line":158,"column":2},"end":{"line":161,"column":3}},"60":{"start":{"line":165,"column":18},"end":{"line":169,"column":3}},"61":{"start":{"line":166,"column":2},"end":{"line":168,"column":8}},"62":{"start":{"line":171,"column":1},"end":{"line":174,"column":3}}},"fnMap":{"0":{"name":"useSort","decl":{"start":{"line":13,"column":16},"end":{"line":13,"column":23}},"loc":{"start":{"line":13,"column":26},"end":{"line":29,"column":1}},"line":13},"1":{"name":"(anonymous_1)","decl":{"start":{"line":20,"column":22},"end":{"line":20,"column":23}},"loc":{"start":{"line":20,"column":47},"end":{"line":23,"column":2}},"line":20},"2":{"name":"usePager","decl":{"start":{"line":32,"column":16},"end":{"line":32,"column":24}},"loc":{"start":{"line":32,"column":87},"end":{"line":56,"column":1}},"line":32},"3":{"name":"(anonymous_3)","decl":{"start":{"line":39,"column":23},"end":{"line":39,"column":24}},"loc":{"start":{"line":39,"column":42},"end":{"line":41,"column":2}},"line":39},"4":{"name":"(anonymous_4)","decl":{"start":{"line":43,"column":13},"end":{"line":43,"column":14}},"loc":{"start":{"line":43,"column":19},"end":{"line":45,"column":2}},"line":43},"5":{"name":"(anonymous_5)","decl":{"start":{"line":48,"column":16},"end":{"line":48,"column":17}},"loc":{"start":{"line":48,"column":28},"end":{"line":50,"column":2}},"line":48},"6":{"name":"useData","decl":{"start":{"line":59,"column":16},"end":{"line":59,"column":23}},"loc":{"start":{"line":59,"column":137},"end":{"line":100,"column":1}},"line":59},"7":{"name":"(anonymous_7)","decl":{"start":{"line":60,"column":44},"end":{"line":60,"column":45}},"loc":{"start":{"line":60,"column":50},"end":{"line":64,"column":2}},"line":60},"8":{"name":"(anonymous_8)","decl":{"start":{"line":61,"column":35},"end":{"line":61,"column":36}},"loc":{"start":{"line":61,"column":43},"end":{"line":63,"column":3}},"line":61},"9":{"name":"(anonymous_9)","decl":{"start":{"line":68,"column":27},"end":{"line":68,"column":28}},"loc":{"start":{"line":68,"column":33},"end":{"line":72,"column":2}},"line":68},"10":{"name":"(anonymous_10)","decl":{"start":{"line":75,"column":28},"end":{"line":75,"column":29}},"loc":{"start":{"line":75,"column":34},"end":{"line":83,"column":2}},"line":75},"11":{"name":"(anonymous_11)","decl":{"start":{"line":88,"column":66},"end":{"line":88,"column":67}},"loc":{"start":{"line":88,"column":72},"end":{"line":90,"column":2}},"line":88},"12":{"name":"(anonymous_12)","decl":{"start":{"line":92,"column":18},"end":{"line":92,"column":19}},"loc":{"start":{"line":92,"column":24},"end":{"line":94,"column":2}},"line":92},"13":{"name":"useChecked","decl":{"start":{"line":103,"column":16},"end":{"line":103,"column":26}},"loc":{"start":{"line":103,"column":87},"end":{"line":149,"column":1}},"line":103},"14":{"name":"(anonymous_14)","decl":{"start":{"line":107,"column":31},"end":{"line":107,"column":32}},"loc":{"start":{"line":107,"column":37},"end":{"line":109,"column":2}},"line":107},"15":{"name":"(anonymous_15)","decl":{"start":{"line":108,"column":30},"end":{"line":108,"column":31}},"loc":{"start":{"line":108,"column":38},"end":{"line":108,"column":51}},"line":108},"16":{"name":"(anonymous_16)","decl":{"start":{"line":112,"column":32},"end":{"line":112,"column":33}},"loc":{"start":{"line":112,"column":38},"end":{"line":115,"column":2}},"line":112},"17":{"name":"(anonymous_17)","decl":{"start":{"line":121,"column":28},"end":{"line":121,"column":29}},"loc":{"start":{"line":121,"column":52},"end":{"line":131,"column":2}},"line":121},"18":{"name":"(anonymous_18)","decl":{"start":{"line":124,"column":26},"end":{"line":124,"column":27}},"loc":{"start":{"line":124,"column":34},"end":{"line":129,"column":3}},"line":124},"19":{"name":"(anonymous_19)","decl":{"start":{"line":134,"column":26},"end":{"line":134,"column":27}},"loc":{"start":{"line":134,"column":51},"end":{"line":137,"column":2}},"line":134},"20":{"name":"(anonymous_20)","decl":{"start":{"line":139,"column":18},"end":{"line":139,"column":19}},"loc":{"start":{"line":139,"column":24},"end":{"line":141,"column":2}},"line":139},"21":{"name":"(anonymous_21)","decl":{"start":{"line":140,"column":40},"end":{"line":140,"column":41}},"loc":{"start":{"line":140,"column":48},"end":{"line":140,"column":61}},"line":140},"22":{"name":"useClasses","decl":{"start":{"line":152,"column":16},"end":{"line":152,"column":26}},"loc":{"start":{"line":152,"column":63},"end":{"line":175,"column":1}},"line":152},"23":{"name":"(anonymous_23)","decl":{"start":{"line":155,"column":28},"end":{"line":155,"column":29}},"loc":{"start":{"line":155,"column":34},"end":{"line":162,"column":2}},"line":155},"24":{"name":"(anonymous_24)","decl":{"start":{"line":165,"column":27},"end":{"line":165,"column":28}},"loc":{"start":{"line":165,"column":33},"end":{"line":169,"column":2}},"line":165}},"branchMap":{"0":{"loc":{"start":{"line":22,"column":20},"end":{"line":22,"column":79}},"type":"cond-expr","locations":[{"start":{"line":22,"column":38},"end":{"line":22,"column":67}},{"start":{"line":22,"column":70},"end":{"line":22,"column":79}}],"line":22},"1":{"loc":{"start":{"line":44,"column":28},"end":{"line":44,"column":87}},"type":"binary-expr","locations":[{"start":{"line":44,"column":29},"end":{"line":44,"column":71}},{"start":{"line":44,"column":76},"end":{"line":44,"column":87}}],"line":44},"2":{"loc":{"start":{"line":44,"column":29},"end":{"line":44,"column":71}},"type":"cond-expr","locations":[{"start":{"line":44,"column":45},"end":{"line":44,"column":64}},{"start":{"line":44,"column":67},"end":{"line":44,"column":71}}],"line":44},"3":{"loc":{"start":{"line":49,"column":27},"end":{"line":49,"column":39}},"type":"binary-expr","locations":[{"start":{"line":49,"column":27},"end":{"line":49,"column":33}},{"start":{"line":49,"column":37},"end":{"line":49,"column":39}}],"line":49},"4":{"loc":{"start":{"line":62,"column":31},"end":{"line":62,"column":53}},"type":"binary-expr","locations":[{"start":{"line":62,"column":31},"end":{"line":62,"column":44}},{"start":{"line":62,"column":48},"end":{"line":62,"column":53}}],"line":62},"5":{"loc":{"start":{"line":70,"column":2},"end":{"line":70,"column":56}},"type":"binary-expr","locations":[{"start":{"line":70,"column":2},"end":{"line":70,"column":32}},{"start":{"line":70,"column":36},"end":{"line":70,"column":56}}],"line":70},"6":{"loc":{"start":{"line":71,"column":9},"end":{"line":71,"column":56}},"type":"cond-expr","locations":[{"start":{"line":71,"column":27},"end":{"line":71,"column":37}},{"start":{"line":71,"column":40},"end":{"line":71,"column":56}}],"line":71},"7":{"loc":{"start":{"line":76,"column":2},"end":{"line":78,"column":3}},"type":"if","locations":[{"start":{"line":76,"column":2},"end":{"line":78,"column":3}},{"start":{"line":76,"column":2},"end":{"line":78,"column":3}}],"line":76},"8":{"loc":{"start":{"line":82,"column":9},"end":{"line":82,"column":54}},"type":"cond-expr","locations":[{"start":{"line":82,"column":28},"end":{"line":82,"column":37}},{"start":{"line":82,"column":40},"end":{"line":82,"column":54}}],"line":82},"9":{"loc":{"start":{"line":88,"column":7},"end":{"line":88,"column":64}},"type":"cond-expr","locations":[{"start":{"line":88,"column":27},"end":{"line":88,"column":50}},{"start":{"line":88,"column":53},"end":{"line":88,"column":64}}],"line":88},"10":{"loc":{"start":{"line":114,"column":9},"end":{"line":114,"column":64}},"type":"binary-expr","locations":[{"start":{"line":114,"column":9},"end":{"line":114,"column":24}},{"start":{"line":114,"column":28},"end":{"line":114,"column":64}}],"line":114},"11":{"loc":{"start":{"line":125,"column":3},"end":{"line":127,"column":4}},"type":"if","locations":[{"start":{"line":125,"column":3},"end":{"line":127,"column":4}},{"start":{"line":125,"column":3},"end":{"line":127,"column":4}}],"line":125},"12":{"loc":{"start":{"line":156,"column":22},"end":{"line":156,"column":101}},"type":"binary-expr","locations":[{"start":{"line":156,"column":22},"end":{"line":156,"column":47}},{"start":{"line":156,"column":51},"end":{"line":156,"column":101}}],"line":156},"13":{"loc":{"start":{"line":157,"column":15},"end":{"line":157,"column":63}},"type":"cond-expr","locations":[{"start":{"line":157,"column":29},"end":{"line":157,"column":44}},{"start":{"line":157,"column":47},"end":{"line":157,"column":63}}],"line":157},"14":{"loc":{"start":{"line":166,"column":9},"end":{"line":168,"column":8}},"type":"cond-expr","locations":[{"start":{"line":166,"column":37},"end":{"line":168,"column":3}},{"start":{"line":168,"column":6},"end":{"line":168,"column":8}}],"line":166}},"s":{"0":12,"1":12,"2":3,"3":3,"4":12,"5":12,"6":12,"7":1,"8":12,"9":14,"10":12,"11":2,"12":12,"13":12,"14":12,"15":600,"16":12,"17":12,"18":14,"19":14,"20":14,"21":12,"22":19,"23":2,"24":17,"25":17,"26":17,"27":12,"28":12,"29":5,"30":12,"31":7,"32":12,"33":12,"34":12,"35":12,"36":3,"37":300,"38":12,"39":3,"40":3,"41":12,"42":1,"43":1,"44":1,"45":10,"46":9,"47":10,"48":1,"49":12,"50":1,"51":1,"52":12,"53":18,"54":9,"55":12,"56":12,"57":6,"58":6,"59":6,"60":12,"61":6,"62":12},"f":{"0":12,"1":3,"2":12,"3":1,"4":14,"5":2,"6":12,"7":12,"8":600,"9":14,"10":19,"11":5,"12":7,"13":12,"14":3,"15":300,"16":3,"17":1,"18":10,"19":1,"20":18,"21":9,"22":12,"23":6,"24":6},"b":{"0":[2,1],"1":[14,14],"2":[12,2],"3":[2,1],"4":[600,600],"5":[14,1],"6":[2,12],"7":[2,17],"8":[8,9],"9":[11,1],"10":[3,2],"11":[9,1],"12":[6,5],"13":[5,1],"14":[1,5]},"_coverageSchema":"1a1c01bbd47fc00a2c39e90264f33305004495a9","hash":"957dcec78c85b3e1992a2dfb66f6df0c81d61ecf"}
,"F:\\git\\code-test\\src\\table\\index.ts": {"path":"F:\\git\\code-test\\src\\table\\index.ts","statementMap":{},"fnMap":{},"branchMap":{},"s":{},"f":{},"b":{},"_coverageSchema":"1a1c01bbd47fc00a2c39e90264f33305004495a9","hash":"f3068e403957cb6a7be2ecac16591b9c049efdee"}
,"F:\\git\\code-test\\src\\table\\pagination.tsx": {"path":"F:\\git\\code-test\\src\\table\\pagination.tsx","statementMap":{"0":{"start":{"line":12,"column":46},"end":{"line":12,"column":53}},"1":{"start":{"line":14,"column":1},"end":{"line":16,"column":2}},"2":{"start":{"line":15,"column":2},"end":{"line":15,"column":14}},"3":{"start":{"line":18,"column":1},"end":{"line":18,"column":131}}},"fnMap":{"0":{"name":"renderPagination","decl":{"start":{"line":11,"column":16},"end":{"line":11,"column":32}},"loc":{"start":{"line":11,"column":66},"end":{"line":19,"column":1}},"line":11}},"branchMap":{"0":{"loc":{"start":{"line":14,"column":1},"end":{"line":16,"column":2}},"type":"if","locations":[{"start":{"line":14,"column":1},"end":{"line":16,"column":2}},{"start":{"line":14,"column":1},"end":{"line":16,"column":2}}],"line":14}},"s":{"0":20,"1":20,"2":2,"3":18},"f":{"0":20},"b":{"0":[2,18]},"_coverageSchema":"1a1c01bbd47fc00a2c39e90264f33305004495a9","hash":"3a80c77eeb6595e774bc8f6921c45da473e57f16"}
,"F:\\git\\code-test\\src\\table\\types.ts": {"path":"F:\\git\\code-test\\src\\table\\types.ts","statementMap":{"0":{"start":{"line":44,"column":26},"end":{"line":73,"column":1}},"1":{"start":{"line":47,"column":19},"end":{"line":47,"column":21}},"2":{"start":{"line":51,"column":19},"end":{"line":51,"column":21}},"3":{"start":{"line":55,"column":20},"end":{"line":55,"column":22}}},"fnMap":{"0":{"name":"(anonymous_0)","decl":{"start":{"line":47,"column":13},"end":{"line":47,"column":14}},"loc":{"start":{"line":47,"column":19},"end":{"line":47,"column":21}},"line":47},"1":{"name":"(anonymous_1)","decl":{"start":{"line":51,"column":13},"end":{"line":51,"column":14}},"loc":{"start":{"line":51,"column":19},"end":{"line":51,"column":21}},"line":51},"2":{"name":"(anonymous_2)","decl":{"start":{"line":55,"column":13},"end":{"line":55,"column":14}},"loc":{"start":{"line":55,"column":20},"end":{"line":55,"column":22}},"line":55}},"branchMap":{},"s":{"0":1,"1":1,"2":1,"3":10},"f":{"0":1,"1":1,"2":10},"b":{},"_coverageSchema":"1a1c01bbd47fc00a2c39e90264f33305004495a9","hash":"1fe26e9a0056d8a1bd22d8acbcae5c6d868cdad0"}
}
