{"F:\\git\\code-test\\src\\form\\checkbox\\checkbox.tsx": {"path":"F:\\git\\code-test\\src\\form\\checkbox\\checkbox.tsx","statementMap":{"0":{"start":{"line":16,"column":31},"end":{"line":16,"column":42}},"1":{"start":{"line":17,"column":18},"end":{"line":24,"column":4}},"2":{"start":{"line":18,"column":3},"end":{"line":23,"column":4}},"3":{"start":{"line":26,"column":2},"end":{"line":38,"column":3}},"4":{"start":{"line":27,"column":3},"end":{"line":37,"column":4}},"5":{"start":{"line":43,"column":12},"end":{"line":43,"column":32}},"6":{"start":{"line":44,"column":26},"end":{"line":48,"column":2}},"7":{"start":{"line":45,"column":16},"end":{"line":45,"column":58}},"8":{"start":{"line":46,"column":2},"end":{"line":46,"column":36}},"9":{"start":{"line":47,"column":2},"end":{"line":47,"column":28}},"10":{"start":{"line":49,"column":1},"end":{"line":51,"column":2}}},"fnMap":{"0":{"name":"(anonymous_0)","decl":{"start":{"line":15,"column":1},"end":{"line":15,"column":2}},"loc":{"start":{"line":15,"column":35},"end":{"line":39,"column":2}},"line":15},"1":{"name":"(anonymous_1)","decl":{"start":{"line":17,"column":27},"end":{"line":17,"column":28}},"loc":{"start":{"line":17,"column":33},"end":{"line":24,"column":3}},"line":17},"2":{"name":"(anonymous_2)","decl":{"start":{"line":26,"column":9},"end":{"line":26,"column":10}},"loc":{"start":{"line":26,"column":15},"end":{"line":38,"column":3}},"line":26},"3":{"name":"useEvents","decl":{"start":{"line":42,"column":9},"end":{"line":42,"column":18}},"loc":{"start":{"line":42,"column":21},"end":{"line":52,"column":1}},"line":42},"4":{"name":"(anonymous_4)","decl":{"start":{"line":44,"column":26},"end":{"line":44,"column":27}},"loc":{"start":{"line":44,"column":44},"end":{"line":48,"column":2}},"line":44}},"branchMap":{},"s":{"0":15,"1":15,"2":27,"3":15,"4":27,"5":15,"6":15,"7":3,"8":3,"9":3,"10":15},"f":{"0":15,"1":27,"2":27,"3":15,"4":3},"b":{},"_coverageSchema":"1a1c01bbd47fc00a2c39e90264f33305004495a9","hash":"435e13e77d3d7e59a46b08c2cd20e700e2bb092f"}
,"F:\\git\\code-test\\src\\form\\checkbox\\index.tsx": {"path":"F:\\git\\code-test\\src\\form\\checkbox\\index.tsx","statementMap":{},"fnMap":{},"branchMap":{},"s":{},"f":{},"b":{},"_coverageSchema":"1a1c01bbd47fc00a2c39e90264f33305004495a9","hash":"1e30f96fcc9861a3629c736cdf81af45c759ac60"}
,"F:\\git\\code-test\\src\\form\\checkbox\\types.ts": {"path":"F:\\git\\code-test\\src\\form\\checkbox\\types.ts","statementMap":{"0":{"start":{"line":9,"column":29},"end":{"line":25,"column":1}}},"fnMap":{},"branchMap":{},"s":{"0":2},"f":{},"b":{},"_coverageSchema":"1a1c01bbd47fc00a2c39e90264f33305004495a9","hash":"868cb1636af0310d38858a65c23a43012f7c57a1"}
,"F:\\git\\code-test\\src\\pagination\\const.ts": {"path":"F:\\git\\code-test\\src\\pagination\\const.ts","statementMap":{"0":{"start":{"line":7,"column":27},"end":{"line":7,"column":28}},"1":{"start":{"line":8,"column":21},"end":{"line":8,"column":22}},"2":{"start":{"line":9,"column":24},"end":{"line":9,"column":43}}},"fnMap":{},"branchMap":{},"s":{"0":2,"1":2,"2":2},"f":{},"b":{},"_coverageSchema":"1a1c01bbd47fc00a2c39e90264f33305004495a9","hash":"263b4ffec3685799377bd617082a974089697a2f"}
,"F:\\git\\code-test\\src\\pagination\\index.tsx": {"path":"F:\\git\\code-test\\src\\pagination\\index.tsx","statementMap":{},"fnMap":{},"branchMap":{},"s":{},"f":{},"b":{},"_coverageSchema":"1a1c01bbd47fc00a2c39e90264f33305004495a9","hash":"25a07f3912e4aeb10184748e824ac6fcd8c78f94"}
,"F:\\git\\code-test\\src\\pagination\\item.tsx": {"path":"F:\\git\\code-test\\src\\pagination\\item.tsx","statementMap":{"0":{"start":{"line":16,"column":20},"end":{"line":16,"column":37}},"1":{"start":{"line":17,"column":20},"end":{"line":19,"column":5}},"2":{"start":{"line":18,"column":6},"end":{"line":18,"column":34}},"3":{"start":{"line":21,"column":4},"end":{"line":25,"column":5}},"4":{"start":{"line":22,"column":6},"end":{"line":24,"column":7}},"5":{"start":{"line":30,"column":2},"end":{"line":33,"column":6}},"6":{"start":{"line":30,"column":25},"end":{"line":33,"column":3}}},"fnMap":{"0":{"name":"(anonymous_0)","decl":{"start":{"line":15,"column":2},"end":{"line":15,"column":3}},"loc":{"start":{"line":15,"column":42},"end":{"line":26,"column":3}},"line":15},"1":{"name":"(anonymous_1)","decl":{"start":{"line":17,"column":20},"end":{"line":17,"column":21}},"loc":{"start":{"line":17,"column":26},"end":{"line":19,"column":5}},"line":17},"2":{"name":"(anonymous_2)","decl":{"start":{"line":21,"column":11},"end":{"line":21,"column":12}},"loc":{"start":{"line":21,"column":17},"end":{"line":25,"column":5}},"line":21},"3":{"name":"useClasses","decl":{"start":{"line":29,"column":9},"end":{"line":29,"column":19}},"loc":{"start":{"line":29,"column":44},"end":{"line":34,"column":1}},"line":29},"4":{"name":"(anonymous_4)","decl":{"start":{"line":30,"column":18},"end":{"line":30,"column":19}},"loc":{"start":{"line":30,"column":25},"end":{"line":33,"column":3}},"line":30}},"branchMap":{},"s":{"0":89,"1":89,"2":1,"3":89,"4":124,"5":89,"6":124},"f":{"0":89,"1":1,"2":124,"3":89,"4":124},"b":{},"_coverageSchema":"1a1c01bbd47fc00a2c39e90264f33305004495a9","hash":"fb95e31967746a5059ca9ce628c0c726773334c0"}
,"F:\\git\\code-test\\src\\pagination\\pagination.tsx": {"path":"F:\\git\\code-test\\src\\pagination\\pagination.tsx","statementMap":{"0":{"start":{"line":19,"column":22},"end":{"line":19,"column":35}},"1":{"start":{"line":20,"column":18},"end":{"line":22,"column":4}},"2":{"start":{"line":21,"column":3},"end":{"line":21,"column":50}},"3":{"start":{"line":23,"column":31},"end":{"line":23,"column":57}},"4":{"start":{"line":24,"column":25},"end":{"line":24,"column":56}},"5":{"start":{"line":25,"column":27},"end":{"line":25,"column":54}},"6":{"start":{"line":27,"column":2},"end":{"line":33,"column":3}},"7":{"start":{"line":36,"column":2},"end":{"line":47,"column":7}},"8":{"start":{"line":38,"column":55},"end":{"line":38,"column":76}},"9":{"start":{"line":44,"column":55},"end":{"line":44,"column":74}},"10":{"start":{"line":52,"column":17},"end":{"line":57,"column":3}},"11":{"start":{"line":53,"column":2},"end":{"line":56,"column":3}},"12":{"start":{"line":58,"column":17},"end":{"line":63,"column":3}},"13":{"start":{"line":59,"column":2},"end":{"line":62,"column":3}},"14":{"start":{"line":64,"column":1},"end":{"line":67,"column":2}},"15":{"start":{"line":71,"column":12},"end":{"line":71,"column":14}},"16":{"start":{"line":72,"column":1},"end":{"line":74,"column":2}},"17":{"start":{"line":72,"column":14},"end":{"line":72,"column":19}},"18":{"start":{"line":73,"column":2},"end":{"line":73,"column":15}},"19":{"start":{"line":75,"column":1},"end":{"line":75,"column":13}},"20":{"start":{"line":79,"column":39},"end":{"line":79,"column":66}},"21":{"start":{"line":81,"column":20},"end":{"line":107,"column":3}},"22":{"start":{"line":82,"column":25},"end":{"line":82,"column":60}},"23":{"start":{"line":83,"column":28},"end":{"line":83,"column":30}},"24":{"start":{"line":85,"column":2},"end":{"line":92,"column":3}},"25":{"start":{"line":86,"column":3},"end":{"line":86,"column":52}},"26":{"start":{"line":88,"column":14},"end":{"line":88,"column":52}},"27":{"start":{"line":89,"column":3},"end":{"line":89,"column":58}},"28":{"start":{"line":90,"column":13},"end":{"line":90,"column":56}},"29":{"start":{"line":91,"column":3},"end":{"line":91,"column":41}},"30":{"start":{"line":95,"column":19},"end":{"line":95,"column":67}},"31":{"start":{"line":96,"column":19},"end":{"line":96,"column":87}},"32":{"start":{"line":98,"column":2},"end":{"line":106,"column":3}},"33":{"start":{"line":100,"column":113},"end":{"line":100,"column":139}},"34":{"start":{"line":102,"column":4},"end":{"line":102,"column":101}},"35":{"start":{"line":104,"column":113},"end":{"line":104,"column":138}},"36":{"start":{"line":108,"column":1},"end":{"line":110,"column":2}},"37":{"start":{"line":114,"column":12},"end":{"line":114,"column":32}},"38":{"start":{"line":116,"column":17},"end":{"line":119,"column":3}},"39":{"start":{"line":121,"column":21},"end":{"line":124,"column":2}},"40":{"start":{"line":122,"column":2},"end":{"line":122,"column":30}},"41":{"start":{"line":123,"column":2},"end":{"line":123,"column":38}},"42":{"start":{"line":126,"column":22},"end":{"line":133,"column":2}},"43":{"start":{"line":127,"column":2},"end":{"line":129,"column":3}},"44":{"start":{"line":128,"column":3},"end":{"line":128,"column":10}},"45":{"start":{"line":130,"column":20},"end":{"line":130,"column":41}},"46":{"start":{"line":131,"column":2},"end":{"line":131,"column":66}},"47":{"start":{"line":132,"column":2},"end":{"line":132,"column":27}},"48":{"start":{"line":135,"column":1},"end":{"line":138,"column":2}}},"fnMap":{"0":{"name":"(anonymous_0)","decl":{"start":{"line":18,"column":1},"end":{"line":18,"column":2}},"loc":{"start":{"line":18,"column":37},"end":{"line":34,"column":2}},"line":18},"1":{"name":"(anonymous_1)","decl":{"start":{"line":20,"column":27},"end":{"line":20,"column":28}},"loc":{"start":{"line":20,"column":33},"end":{"line":22,"column":3}},"line":20},"2":{"name":"(anonymous_2)","decl":{"start":{"line":35,"column":1},"end":{"line":35,"column":2}},"loc":{"start":{"line":35,"column":10},"end":{"line":48,"column":2}},"line":35},"3":{"name":"(anonymous_3)","decl":{"start":{"line":38,"column":49},"end":{"line":38,"column":50}},"loc":{"start":{"line":38,"column":55},"end":{"line":38,"column":76}},"line":38},"4":{"name":"(anonymous_4)","decl":{"start":{"line":44,"column":49},"end":{"line":44,"column":50}},"loc":{"start":{"line":44,"column":55},"end":{"line":44,"column":74}},"line":44},"5":{"name":"useClasses","decl":{"start":{"line":51,"column":9},"end":{"line":51,"column":19}},"loc":{"start":{"line":51,"column":72},"end":{"line":68,"column":1}},"line":51},"6":{"name":"(anonymous_6)","decl":{"start":{"line":52,"column":26},"end":{"line":52,"column":27}},"loc":{"start":{"line":52,"column":32},"end":{"line":57,"column":2}},"line":52},"7":{"name":"(anonymous_7)","decl":{"start":{"line":58,"column":26},"end":{"line":58,"column":27}},"loc":{"start":{"line":58,"column":32},"end":{"line":63,"column":2}},"line":58},"8":{"name":"getItemsNumber","decl":{"start":{"line":70,"column":9},"end":{"line":70,"column":23}},"loc":{"start":{"line":70,"column":52},"end":{"line":76,"column":1}},"line":70},"9":{"name":"useRangeItems","decl":{"start":{"line":78,"column":9},"end":{"line":78,"column":22}},"loc":{"start":{"line":78,"column":67},"end":{"line":111,"column":1}},"line":78},"10":{"name":"(anonymous_10)","decl":{"start":{"line":81,"column":29},"end":{"line":81,"column":30}},"loc":{"start":{"line":81,"column":35},"end":{"line":107,"column":2}},"line":81},"11":{"name":"(anonymous_11)","decl":{"start":{"line":100,"column":107},"end":{"line":100,"column":108}},"loc":{"start":{"line":100,"column":113},"end":{"line":100,"column":139}},"line":100},"12":{"name":"(anonymous_12)","decl":{"start":{"line":101,"column":20},"end":{"line":101,"column":21}},"loc":{"start":{"line":101,"column":25},"end":{"line":103,"column":4}},"line":101},"13":{"name":"(anonymous_13)","decl":{"start":{"line":104,"column":107},"end":{"line":104,"column":108}},"loc":{"start":{"line":104,"column":113},"end":{"line":104,"column":138}},"line":104},"14":{"name":"useEvents","decl":{"start":{"line":113,"column":9},"end":{"line":113,"column":18}},"loc":{"start":{"line":113,"column":63},"end":{"line":139,"column":1}},"line":113},"15":{"name":"(anonymous_15)","decl":{"start":{"line":121,"column":21},"end":{"line":121,"column":22}},"loc":{"start":{"line":121,"column":42},"end":{"line":124,"column":2}},"line":121},"16":{"name":"(anonymous_16)","decl":{"start":{"line":126,"column":22},"end":{"line":126,"column":23}},"loc":{"start":{"line":126,"column":37},"end":{"line":133,"column":2}},"line":126}},"branchMap":{"0":{"loc":{"start":{"line":85,"column":2},"end":{"line":92,"column":3}},"type":"if","locations":[{"start":{"line":85,"column":2},"end":{"line":92,"column":3}},{"start":{"line":85,"column":2},"end":{"line":92,"column":3}}],"line":85},"1":{"loc":{"start":{"line":95,"column":19},"end":{"line":95,"column":67}},"type":"binary-expr","locations":[{"start":{"line":95,"column":19},"end":{"line":95,"column":33}},{"start":{"line":95,"column":38},"end":{"line":95,"column":66}}],"line":95},"2":{"loc":{"start":{"line":96,"column":19},"end":{"line":96,"column":87}},"type":"binary-expr","locations":[{"start":{"line":96,"column":19},"end":{"line":96,"column":33}},{"start":{"line":96,"column":38},"end":{"line":96,"column":86}}],"line":96},"3":{"loc":{"start":{"line":100,"column":3},"end":{"line":100,"column":146}},"type":"binary-expr","locations":[{"start":{"line":100,"column":3},"end":{"line":100,"column":11}},{"start":{"line":100,"column":15},"end":{"line":100,"column":146}}],"line":100},"4":{"loc":{"start":{"line":104,"column":3},"end":{"line":104,"column":145}},"type":"binary-expr","locations":[{"start":{"line":104,"column":3},"end":{"line":104,"column":11}},{"start":{"line":104,"column":15},"end":{"line":104,"column":145}}],"line":104},"5":{"loc":{"start":{"line":105,"column":3},"end":{"line":105,"column":116}},"type":"binary-expr","locations":[{"start":{"line":105,"column":3},"end":{"line":105,"column":20}},{"start":{"line":105,"column":24},"end":{"line":105,"column":116}}],"line":105},"6":{"loc":{"start":{"line":126,"column":23},"end":{"line":126,"column":32}},"type":"default-arg","locations":[{"start":{"line":126,"column":31},"end":{"line":126,"column":32}}],"line":126},"7":{"loc":{"start":{"line":127,"column":2},"end":{"line":129,"column":3}},"type":"if","locations":[{"start":{"line":127,"column":2},"end":{"line":129,"column":3}},{"start":{"line":127,"column":2},"end":{"line":129,"column":3}}],"line":127}},"s":{"0":18,"1":18,"2":19,"3":18,"4":18,"5":18,"6":18,"7":24,"8":1,"9":2,"10":18,"11":23,"12":18,"13":24,"14":18,"15":24,"16":24,"17":24,"18":84,"19":24,"20":18,"21":18,"22":24,"23":24,"24":24,"25":7,"26":17,"27":17,"28":17,"29":17,"30":24,"31":24,"32":24,"33":1,"34":84,"35":1,"36":18,"37":36,"38":36,"39":36,"40":4,"41":4,"42":36,"43":5,"44":2,"45":3,"46":3,"47":3,"48":36},"f":{"0":18,"1":19,"2":24,"3":1,"4":2,"5":18,"6":23,"7":24,"8":24,"9":18,"10":24,"11":1,"12":84,"13":1,"14":36,"15":4,"16":5},"b":{"0":[7,17],"1":[24,17],"2":[24,17],"3":[24,3],"4":[24,16],"5":[24,17],"6":[2],"7":[2,3]},"_coverageSchema":"1a1c01bbd47fc00a2c39e90264f33305004495a9","hash":"78f4651140822f5531b32fbf65cc732acf78cd8e"}
,"F:\\git\\code-test\\src\\pagination\\types.ts": {"path":"F:\\git\\code-test\\src\\pagination\\types.ts","statementMap":{"0":{"start":{"line":10,"column":31},"end":{"line":22,"column":1}},"1":{"start":{"line":25,"column":25},"end":{"line":34,"column":1}}},"fnMap":{},"branchMap":{},"s":{"0":2,"1":2},"f":{},"b":{},"_coverageSchema":"1a1c01bbd47fc00a2c39e90264f33305004495a9","hash":"14f22fb3506e4c7212cd188ff631dc2c94661095"}
,"F:\\git\\code-test\\src\\table\\Table.tsx": {"path":"F:\\git\\code-test\\src\\table\\Table.tsx","statementMap":{"0":{"start":{"line":24,"column":44},"end":{"line":24,"column":57}},"1":{"start":{"line":25,"column":24},"end":{"line":25,"column":58}},"2":{"start":{"line":25,"column":39},"end":{"line":25,"column":57}},"3":{"start":{"line":26,"column":18},"end":{"line":26,"column":51}},"4":{"start":{"line":26,"column":33},"end":{"line":26,"column":50}},"5":{"start":{"line":27,"column":40},"end":{"line":27,"column":49}},"6":{"start":{"line":28,"column":49},"end":{"line":28,"column":76}},"7":{"start":{"line":29,"column":36},"end":{"line":29,"column":92}},"8":{"start":{"line":30,"column":77},"end":{"line":30,"column":108}},"9":{"start":{"line":31,"column":36},"end":{"line":31,"column":57}},"10":{"start":{"line":33,"column":4},"end":{"line":53,"column":5}},"11":{"start":{"line":34,"column":25},"end":{"line":34,"column":126}},"12":{"start":{"line":35,"column":24},"end":{"line":35,"column":51}},"13":{"start":{"line":36,"column":23},"end":{"line":36,"column":103}},"14":{"start":{"line":37,"column":29},"end":{"line":37,"column":111}},"15":{"start":{"line":39,"column":6},"end":{"line":52,"column":7}}},"fnMap":{"0":{"name":"(anonymous_0)","decl":{"start":{"line":23,"column":2},"end":{"line":23,"column":3}},"loc":{"start":{"line":23,"column":42},"end":{"line":54,"column":3}},"line":23},"1":{"name":"(anonymous_1)","decl":{"start":{"line":25,"column":33},"end":{"line":25,"column":34}},"loc":{"start":{"line":25,"column":39},"end":{"line":25,"column":57}},"line":25},"2":{"name":"(anonymous_2)","decl":{"start":{"line":26,"column":27},"end":{"line":26,"column":28}},"loc":{"start":{"line":26,"column":33},"end":{"line":26,"column":50}},"line":26},"3":{"name":"(anonymous_3)","decl":{"start":{"line":33,"column":11},"end":{"line":33,"column":12}},"loc":{"start":{"line":33,"column":17},"end":{"line":53,"column":5}},"line":33}},"branchMap":{"0":{"loc":{"start":{"line":47,"column":15},"end":{"line":47,"column":56}},"type":"cond-expr","locations":[{"start":{"line":47,"column":36},"end":{"line":47,"column":45}},{"start":{"line":47,"column":48},"end":{"line":47,"column":56}}],"line":47},"1":{"loc":{"start":{"line":50,"column":12},"end":{"line":50,"column":56}},"type":"binary-expr","locations":[{"start":{"line":50,"column":12},"end":{"line":50,"column":38}},{"start":{"line":50,"column":42},"end":{"line":50,"column":56}}],"line":50}},"s":{"0":13,"1":13,"2":15,"3":13,"4":14,"5":13,"6":13,"7":13,"8":13,"9":13,"10":13,"11":25,"12":25,"13":25,"14":25,"15":25},"f":{"0":13,"1":15,"2":14,"3":25},"b":{"0":[9,16],"1":[25,23]},"_coverageSchema":"1a1c01bbd47fc00a2c39e90264f33305004495a9","hash":"3eb8f06284f10b366eca68b02f2fe1279c6520ea"}
,"F:\\git\\code-test\\src\\table\\body.tsx": {"path":"F:\\git\\code-test\\src\\table\\body.tsx","statementMap":{"0":{"start":{"line":12,"column":78},"end":{"line":12,"column":85}},"1":{"start":{"line":14,"column":1},"end":{"line":37,"column":2}},"2":{"start":{"line":16,"column":3},"end":{"line":35,"column":8}},"3":{"start":{"line":20,"column":61},"end":{"line":20,"column":85}},"4":{"start":{"line":28,"column":21},"end":{"line":28,"column":62}},"5":{"start":{"line":29,"column":23},"end":{"line":29,"column":69}},"6":{"start":{"line":29,"column":45},"end":{"line":29,"column":68}},"7":{"start":{"line":30,"column":6},"end":{"line":32,"column":11}}},"fnMap":{"0":{"name":"renderBody","decl":{"start":{"line":11,"column":16},"end":{"line":11,"column":26}},"loc":{"start":{"line":11,"column":54},"end":{"line":38,"column":1}},"line":11},"1":{"name":"(anonymous_1)","decl":{"start":{"line":15,"column":22},"end":{"line":15,"column":23}},"loc":{"start":{"line":15,"column":32},"end":{"line":36,"column":3}},"line":15},"2":{"name":"(anonymous_2)","decl":{"start":{"line":20,"column":55},"end":{"line":20,"column":56}},"loc":{"start":{"line":20,"column":61},"end":{"line":20,"column":85}},"line":20},"3":{"name":"(anonymous_3)","decl":{"start":{"line":25,"column":23},"end":{"line":25,"column":24}},"loc":{"start":{"line":25,"column":33},"end":{"line":33,"column":6}},"line":25},"4":{"name":"(anonymous_4)","decl":{"start":{"line":29,"column":36},"end":{"line":29,"column":37}},"loc":{"start":{"line":29,"column":45},"end":{"line":29,"column":68}},"line":29}},"branchMap":{"0":{"loc":{"start":{"line":17,"column":5},"end":{"line":22,"column":10}},"type":"binary-expr","locations":[{"start":{"line":17,"column":5},"end":{"line":17,"column":21}},{"start":{"line":18,"column":5},"end":{"line":22,"column":10}}],"line":17},"1":{"loc":{"start":{"line":29,"column":45},"end":{"line":29,"column":68}},"type":"binary-expr","locations":[{"start":{"line":29,"column":45},"end":{"line":29,"column":55}},{"start":{"line":29,"column":59},"end":{"line":29,"column":68}}],"line":29},"2":{"loc":{"start":{"line":31,"column":8},"end":{"line":31,"column":46}},"type":"cond-expr","locations":[{"start":{"line":31,"column":19},"end":{"line":31,"column":25}},{"start":{"line":31,"column":28},"end":{"line":31,"column":46}}],"line":31}},"s":{"0":25,"1":25,"2":340,"3":1,"4":1020,"5":1020,"6":10,"7":1020},"f":{"0":25,"1":340,"2":1,"3":1020,"4":10},"b":{"0":[340,30],"1":[10,10],"2":[10,1010]},"_coverageSchema":"1a1c01bbd47fc00a2c39e90264f33305004495a9","hash":"186b18d6bf90e2de560cea6f4127d20c43c79039"}
,"F:\\git\\code-test\\src\\table\\const.ts": {"path":"F:\\git\\code-test\\src\\table\\const.ts","statementMap":{"0":{"start":{"line":8,"column":26},"end":{"line":12,"column":1}},"1":{"start":{"line":21,"column":24},"end":{"line":24,"column":2}}},"fnMap":{},"branchMap":{},"s":{"0":1,"1":1},"f":{},"b":{},"_coverageSchema":"1a1c01bbd47fc00a2c39e90264f33305004495a9","hash":"06fa33c3f0bef9e34f2f33d07b5ef927fa2ec769"}
,"F:\\git\\code-test\\src\\table\\empty.tsx": {"path":"F:\\git\\code-test\\src\\table\\empty.tsx","statementMap":{"0":{"start":{"line":11,"column":1},"end":{"line":17,"column":2}}},"fnMap":{"0":{"name":"renderEmpty","decl":{"start":{"line":10,"column":16},"end":{"line":10,"column":27}},"loc":{"start":{"line":10,"column":76},"end":{"line":18,"column":1}},"line":10}},"branchMap":{"0":{"loc":{"start":{"line":14,"column":5},"end":{"line":14,"column":48}},"type":"binary-expr","locations":[{"start":{"line":14,"column":5},"end":{"line":14,"column":29}},{"start":{"line":14,"column":33},"end":{"line":14,"column":48}}],"line":14}},"s":{"0":25},"f":{"0":25},"b":{"0":[25,24]},"_coverageSchema":"1a1c01bbd47fc00a2c39e90264f33305004495a9","hash":"a3b16642aa8ecc4dc4b4d7f46a1dc0ba835da187"}
,"F:\\git\\code-test\\src\\table\\header.tsx": {"path":"F:\\git\\code-test\\src\\table\\header.tsx","statementMap":{"0":{"start":{"line":20,"column":19},"end":{"line":20,"column":26}},"1":{"start":{"line":22,"column":1},"end":{"line":24,"column":2}},"2":{"start":{"line":23,"column":2},"end":{"line":23,"column":14}},"3":{"start":{"line":26,"column":1},"end":{"line":61,"column":2}},"4":{"start":{"line":38,"column":24},"end":{"line":38,"column":52}},"5":{"start":{"line":39,"column":26},"end":{"line":39,"column":68}},"6":{"start":{"line":40,"column":27},"end":{"line":40,"column":70}},"7":{"start":{"line":41,"column":21},"end":{"line":41,"column":56}},"8":{"start":{"line":42,"column":23},"end":{"line":42,"column":69}},"9":{"start":{"line":42,"column":45},"end":{"line":42,"column":68}},"10":{"start":{"line":44,"column":6},"end":{"line":56,"column":7}},"11":{"start":{"line":45,"column":115},"end":{"line":45,"column":135}}},"fnMap":{"0":{"name":"renderHeader","decl":{"start":{"line":12,"column":16},"end":{"line":12,"column":28}},"loc":{"start":{"line":12,"column":58},"end":{"line":62,"column":1}},"line":12},"1":{"name":"(anonymous_1)","decl":{"start":{"line":37,"column":23},"end":{"line":37,"column":24}},"loc":{"start":{"line":37,"column":33},"end":{"line":57,"column":6}},"line":37},"2":{"name":"(anonymous_2)","decl":{"start":{"line":42,"column":36},"end":{"line":42,"column":37}},"loc":{"start":{"line":42,"column":45},"end":{"line":42,"column":68}},"line":42},"3":{"name":"(anonymous_3)","decl":{"start":{"line":45,"column":109},"end":{"line":45,"column":110}},"loc":{"start":{"line":45,"column":115},"end":{"line":45,"column":135}},"line":45}},"branchMap":{"0":{"loc":{"start":{"line":22,"column":1},"end":{"line":24,"column":2}},"type":"if","locations":[{"start":{"line":22,"column":1},"end":{"line":24,"column":2}},{"start":{"line":22,"column":1},"end":{"line":24,"column":2}}],"line":22},"1":{"loc":{"start":{"line":29,"column":5},"end":{"line":34,"column":10}},"type":"binary-expr","locations":[{"start":{"line":29,"column":5},"end":{"line":29,"column":21}},{"start":{"line":30,"column":5},"end":{"line":34,"column":10}}],"line":29},"2":{"loc":{"start":{"line":39,"column":26},"end":{"line":39,"column":68}},"type":"binary-expr","locations":[{"start":{"line":39,"column":26},"end":{"line":39,"column":35}},{"start":{"line":39,"column":39},"end":{"line":39,"column":68}}],"line":39},"3":{"loc":{"start":{"line":40,"column":27},"end":{"line":40,"column":70}},"type":"binary-expr","locations":[{"start":{"line":40,"column":27},"end":{"line":40,"column":36}},{"start":{"line":40,"column":40},"end":{"line":40,"column":70}}],"line":40},"4":{"loc":{"start":{"line":42,"column":45},"end":{"line":42,"column":68}},"type":"binary-expr","locations":[{"start":{"line":42,"column":45},"end":{"line":42,"column":55}},{"start":{"line":42,"column":59},"end":{"line":42,"column":68}}],"line":42},"5":{"loc":{"start":{"line":47,"column":10},"end":{"line":47,"column":115}},"type":"cond-expr","locations":[{"start":{"line":47,"column":21},"end":{"line":47,"column":27}},{"start":{"line":47,"column":30},"end":{"line":47,"column":115}}],"line":47},"6":{"loc":{"start":{"line":48,"column":10},"end":{"line":52,"column":17}},"type":"binary-expr","locations":[{"start":{"line":48,"column":10},"end":{"line":48,"column":25}},{"start":{"line":49,"column":10},"end":{"line":52,"column":17}}],"line":48},"7":{"loc":{"start":{"line":50,"column":58},"end":{"line":50,"column":102}},"type":"cond-expr","locations":[{"start":{"line":50,"column":72},"end":{"line":50,"column":97}},{"start":{"line":50,"column":100},"end":{"line":50,"column":102}}],"line":50},"8":{"loc":{"start":{"line":51,"column":62},"end":{"line":51,"column":107}},"type":"cond-expr","locations":[{"start":{"line":51,"column":77},"end":{"line":51,"column":102}},{"start":{"line":51,"column":105},"end":{"line":51,"column":107}}],"line":51}},"s":{"0":25,"1":25,"2":1,"3":24,"4":69,"5":69,"6":69,"7":69,"8":69,"9":1,"10":69,"11":3},"f":{"0":25,"1":69,"2":1,"3":3},"b":{"0":[1,24],"1":[24,3],"2":[69,3],"3":[69,3],"4":[1,1],"5":[1,68],"6":[69,23],"7":[1,22],"8":[1,22]},"_coverageSchema":"1a1c01bbd47fc00a2c39e90264f33305004495a9","hash":"ce83038742ded7a7e4ba1fbb88e60119363266a8"}
,"F:\\git\\code-test\\src\\table\\index.ts": {"path":"F:\\git\\code-test\\src\\table\\index.ts","statementMap":{},"fnMap":{},"branchMap":{},"s":{},"f":{},"b":{},"_coverageSchema":"1a1c01bbd47fc00a2c39e90264f33305004495a9","hash":"f3068e403957cb6a7be2ecac16591b9c049efdee"}
,"F:\\git\\code-test\\src\\table\\pagination.tsx": {"path":"F:\\git\\code-test\\src\\table\\pagination.tsx","statementMap":{"0":{"start":{"line":12,"column":46},"end":{"line":12,"column":53}},"1":{"start":{"line":14,"column":1},"end":{"line":16,"column":2}},"2":{"start":{"line":15,"column":2},"end":{"line":15,"column":14}},"3":{"start":{"line":18,"column":1},"end":{"line":18,"column":131}}},"fnMap":{"0":{"name":"renderPagination","decl":{"start":{"line":11,"column":16},"end":{"line":11,"column":32}},"loc":{"start":{"line":11,"column":66},"end":{"line":19,"column":1}},"line":11}},"branchMap":{"0":{"loc":{"start":{"line":14,"column":1},"end":{"line":16,"column":2}},"type":"if","locations":[{"start":{"line":14,"column":1},"end":{"line":16,"column":2}},{"start":{"line":14,"column":1},"end":{"line":16,"column":2}}],"line":14}},"s":{"0":25,"1":25,"2":2,"3":23},"f":{"0":25},"b":{"0":[2,23]},"_coverageSchema":"1a1c01bbd47fc00a2c39e90264f33305004495a9","hash":"3a80c77eeb6595e774bc8f6921c45da473e57f16"}
,"F:\\git\\code-test\\src\\table\\types.ts": {"path":"F:\\git\\code-test\\src\\table\\types.ts","statementMap":{"0":{"start":{"line":44,"column":26},"end":{"line":73,"column":1}},"1":{"start":{"line":47,"column":19},"end":{"line":47,"column":21}},"2":{"start":{"line":51,"column":19},"end":{"line":51,"column":21}},"3":{"start":{"line":55,"column":20},"end":{"line":55,"column":22}}},"fnMap":{"0":{"name":"(anonymous_0)","decl":{"start":{"line":47,"column":13},"end":{"line":47,"column":14}},"loc":{"start":{"line":47,"column":19},"end":{"line":47,"column":21}},"line":47},"1":{"name":"(anonymous_1)","decl":{"start":{"line":51,"column":13},"end":{"line":51,"column":14}},"loc":{"start":{"line":51,"column":19},"end":{"line":51,"column":21}},"line":51},"2":{"name":"(anonymous_2)","decl":{"start":{"line":55,"column":13},"end":{"line":55,"column":14}},"loc":{"start":{"line":55,"column":20},"end":{"line":55,"column":22}},"line":55}},"branchMap":{},"s":{"0":1,"1":1,"2":1,"3":11},"f":{"0":1,"1":1,"2":11},"b":{},"_coverageSchema":"1a1c01bbd47fc00a2c39e90264f33305004495a9","hash":"1fe26e9a0056d8a1bd22d8acbcae5c6d868cdad0"}
,"F:\\git\\code-test\\src\\table\\composables\\use-checked.ts": {"path":"F:\\git\\code-test\\src\\table\\composables\\use-checked.ts","statementMap":{"0":{"start":{"line":7,"column":17},"end":{"line":7,"column":27}},"1":{"start":{"line":8,"column":12},"end":{"line":8,"column":32}},"2":{"start":{"line":10,"column":22},"end":{"line":12,"column":3}},"3":{"start":{"line":11,"column":2},"end":{"line":11,"column":53}},"4":{"start":{"line":11,"column":38},"end":{"line":11,"column":51}},"5":{"start":{"line":15,"column":23},"end":{"line":18,"column":3}},"6":{"start":{"line":16,"column":22},"end":{"line":16,"column":47}},"7":{"start":{"line":17,"column":2},"end":{"line":17,"column":65}},"8":{"start":{"line":24,"column":28},"end":{"line":34,"column":2}},"9":{"start":{"line":25,"column":2},"end":{"line":25,"column":28}},"10":{"start":{"line":26,"column":39},"end":{"line":26,"column":41}},"11":{"start":{"line":27,"column":2},"end":{"line":32,"column":5}},"12":{"start":{"line":28,"column":3},"end":{"line":30,"column":4}},"13":{"start":{"line":29,"column":4},"end":{"line":29,"column":29}},"14":{"start":{"line":31,"column":3},"end":{"line":31,"column":29}},"15":{"start":{"line":33,"column":2},"end":{"line":33,"column":50}},"16":{"start":{"line":37,"column":26},"end":{"line":40,"column":2}},"17":{"start":{"line":38,"column":2},"end":{"line":38,"column":37}},"18":{"start":{"line":39,"column":2},"end":{"line":39,"column":51}},"19":{"start":{"line":42,"column":1},"end":{"line":44,"column":25}},"20":{"start":{"line":43,"column":2},"end":{"line":43,"column":63}},"21":{"start":{"line":43,"column":48},"end":{"line":43,"column":61}},"22":{"start":{"line":46,"column":1},"end":{"line":51,"column":2}}},"fnMap":{"0":{"name":"useChecked","decl":{"start":{"line":6,"column":16},"end":{"line":6,"column":26}},"loc":{"start":{"line":6,"column":87},"end":{"line":52,"column":1}},"line":6},"1":{"name":"(anonymous_1)","decl":{"start":{"line":10,"column":31},"end":{"line":10,"column":32}},"loc":{"start":{"line":10,"column":37},"end":{"line":12,"column":2}},"line":10},"2":{"name":"(anonymous_2)","decl":{"start":{"line":11,"column":30},"end":{"line":11,"column":31}},"loc":{"start":{"line":11,"column":38},"end":{"line":11,"column":51}},"line":11},"3":{"name":"(anonymous_3)","decl":{"start":{"line":15,"column":32},"end":{"line":15,"column":33}},"loc":{"start":{"line":15,"column":38},"end":{"line":18,"column":2}},"line":15},"4":{"name":"(anonymous_4)","decl":{"start":{"line":24,"column":28},"end":{"line":24,"column":29}},"loc":{"start":{"line":24,"column":52},"end":{"line":34,"column":2}},"line":24},"5":{"name":"(anonymous_5)","decl":{"start":{"line":27,"column":26},"end":{"line":27,"column":27}},"loc":{"start":{"line":27,"column":34},"end":{"line":32,"column":3}},"line":27},"6":{"name":"(anonymous_6)","decl":{"start":{"line":37,"column":26},"end":{"line":37,"column":27}},"loc":{"start":{"line":37,"column":51},"end":{"line":40,"column":2}},"line":37},"7":{"name":"(anonymous_7)","decl":{"start":{"line":42,"column":18},"end":{"line":42,"column":19}},"loc":{"start":{"line":42,"column":24},"end":{"line":44,"column":2}},"line":42},"8":{"name":"(anonymous_8)","decl":{"start":{"line":43,"column":40},"end":{"line":43,"column":41}},"loc":{"start":{"line":43,"column":48},"end":{"line":43,"column":61}},"line":43}},"branchMap":{"0":{"loc":{"start":{"line":17,"column":9},"end":{"line":17,"column":64}},"type":"binary-expr","locations":[{"start":{"line":17,"column":9},"end":{"line":17,"column":24}},{"start":{"line":17,"column":28},"end":{"line":17,"column":64}}],"line":17},"1":{"loc":{"start":{"line":28,"column":3},"end":{"line":30,"column":4}},"type":"if","locations":[{"start":{"line":28,"column":3},"end":{"line":30,"column":4}},{"start":{"line":28,"column":3},"end":{"line":30,"column":4}}],"line":28}},"s":{"0":13,"1":13,"2":13,"3":3,"4":300,"5":13,"6":3,"7":3,"8":13,"9":1,"10":1,"11":1,"12":10,"13":9,"14":10,"15":1,"16":13,"17":1,"18":1,"19":13,"20":20,"21":11,"22":13},"f":{"0":13,"1":3,"2":300,"3":3,"4":1,"5":10,"6":1,"7":20,"8":11},"b":{"0":[3,2],"1":[9,1]},"_coverageSchema":"1a1c01bbd47fc00a2c39e90264f33305004495a9","hash":"198bc5fae94813c06eedc32a1c70062b22abda44"}
,"F:\\git\\code-test\\src\\table\\composables\\use-classes.ts": {"path":"F:\\git\\code-test\\src\\table\\composables\\use-classes.ts","statementMap":{"0":{"start":{"line":9,"column":19},"end":{"line":16,"column":3}},"1":{"start":{"line":10,"column":22},"end":{"line":10,"column":101}},"2":{"start":{"line":11,"column":15},"end":{"line":11,"column":63}},"3":{"start":{"line":12,"column":2},"end":{"line":15,"column":3}},"4":{"start":{"line":19,"column":18},"end":{"line":23,"column":3}},"5":{"start":{"line":20,"column":2},"end":{"line":22,"column":8}},"6":{"start":{"line":25,"column":1},"end":{"line":28,"column":3}}},"fnMap":{"0":{"name":"useClasses","decl":{"start":{"line":6,"column":16},"end":{"line":6,"column":26}},"loc":{"start":{"line":6,"column":63},"end":{"line":29,"column":1}},"line":6},"1":{"name":"(anonymous_1)","decl":{"start":{"line":9,"column":28},"end":{"line":9,"column":29}},"loc":{"start":{"line":9,"column":34},"end":{"line":16,"column":2}},"line":9},"2":{"name":"(anonymous_2)","decl":{"start":{"line":19,"column":27},"end":{"line":19,"column":28}},"loc":{"start":{"line":19,"column":33},"end":{"line":23,"column":2}},"line":19}},"branchMap":{"0":{"loc":{"start":{"line":10,"column":22},"end":{"line":10,"column":101}},"type":"binary-expr","locations":[{"start":{"line":10,"column":22},"end":{"line":10,"column":47}},{"start":{"line":10,"column":51},"end":{"line":10,"column":101}}],"line":10},"1":{"loc":{"start":{"line":11,"column":15},"end":{"line":11,"column":63}},"type":"cond-expr","locations":[{"start":{"line":11,"column":29},"end":{"line":11,"column":44}},{"start":{"line":11,"column":47},"end":{"line":11,"column":63}}],"line":11},"2":{"loc":{"start":{"line":20,"column":9},"end":{"line":22,"column":8}},"type":"cond-expr","locations":[{"start":{"line":20,"column":37},"end":{"line":22,"column":3}},{"start":{"line":22,"column":6},"end":{"line":22,"column":8}}],"line":20}},"s":{"0":13,"1":9,"2":9,"3":9,"4":13,"5":9,"6":13},"f":{"0":13,"1":9,"2":9},"b":{"0":[9,8],"1":[8,1],"2":[1,8]},"_coverageSchema":"1a1c01bbd47fc00a2c39e90264f33305004495a9","hash":"617093b4ec78a7d3868598cfe32f2fa31013017f"}
,"F:\\git\\code-test\\src\\table\\composables\\use-data.ts": {"path":"F:\\git\\code-test\\src\\table\\composables\\use-data.ts","statementMap":{"0":{"start":{"line":8,"column":20},"end":{"line":12,"column":3}},"1":{"start":{"line":9,"column":2},"end":{"line":11,"column":5}},"2":{"start":{"line":10,"column":3},"end":{"line":10,"column":56}},"3":{"start":{"line":13,"column":12},"end":{"line":13,"column":32}},"4":{"start":{"line":16,"column":18},"end":{"line":20,"column":3}},"5":{"start":{"line":17,"column":21},"end":{"line":17,"column":62}},"6":{"start":{"line":18,"column":2},"end":{"line":18,"column":57}},"7":{"start":{"line":19,"column":2},"end":{"line":19,"column":57}},"8":{"start":{"line":23,"column":19},"end":{"line":31,"column":3}},"9":{"start":{"line":24,"column":2},"end":{"line":26,"column":3}},"10":{"start":{"line":25,"column":3},"end":{"line":25,"column":27}},"11":{"start":{"line":28,"column":20},"end":{"line":28,"column":66}},"12":{"start":{"line":29,"column":18},"end":{"line":29,"column":83}},"13":{"start":{"line":30,"column":2},"end":{"line":30,"column":55}},"14":{"start":{"line":33,"column":19},"end":{"line":33,"column":39}},"15":{"start":{"line":36,"column":1},"end":{"line":38,"column":20}},"16":{"start":{"line":37,"column":2},"end":{"line":37,"column":44}},"17":{"start":{"line":40,"column":1},"end":{"line":42,"column":4}},"18":{"start":{"line":41,"column":2},"end":{"line":41,"column":36}},"19":{"start":{"line":44,"column":1},"end":{"line":47,"column":2}}},"fnMap":{"0":{"name":"useData","decl":{"start":{"line":7,"column":16},"end":{"line":7,"column":23}},"loc":{"start":{"line":7,"column":137},"end":{"line":48,"column":1}},"line":7},"1":{"name":"(anonymous_1)","decl":{"start":{"line":8,"column":44},"end":{"line":8,"column":45}},"loc":{"start":{"line":8,"column":50},"end":{"line":12,"column":2}},"line":8},"2":{"name":"(anonymous_2)","decl":{"start":{"line":9,"column":35},"end":{"line":9,"column":36}},"loc":{"start":{"line":9,"column":43},"end":{"line":11,"column":3}},"line":9},"3":{"name":"(anonymous_3)","decl":{"start":{"line":16,"column":27},"end":{"line":16,"column":28}},"loc":{"start":{"line":16,"column":33},"end":{"line":20,"column":2}},"line":16},"4":{"name":"(anonymous_4)","decl":{"start":{"line":23,"column":28},"end":{"line":23,"column":29}},"loc":{"start":{"line":23,"column":34},"end":{"line":31,"column":2}},"line":23},"5":{"name":"(anonymous_5)","decl":{"start":{"line":36,"column":66},"end":{"line":36,"column":67}},"loc":{"start":{"line":36,"column":72},"end":{"line":38,"column":2}},"line":36},"6":{"name":"(anonymous_6)","decl":{"start":{"line":40,"column":18},"end":{"line":40,"column":19}},"loc":{"start":{"line":40,"column":24},"end":{"line":42,"column":2}},"line":40}},"branchMap":{"0":{"loc":{"start":{"line":10,"column":31},"end":{"line":10,"column":53}},"type":"binary-expr","locations":[{"start":{"line":10,"column":31},"end":{"line":10,"column":44}},{"start":{"line":10,"column":48},"end":{"line":10,"column":53}}],"line":10},"1":{"loc":{"start":{"line":18,"column":2},"end":{"line":18,"column":56}},"type":"binary-expr","locations":[{"start":{"line":18,"column":2},"end":{"line":18,"column":32}},{"start":{"line":18,"column":36},"end":{"line":18,"column":56}}],"line":18},"2":{"loc":{"start":{"line":19,"column":9},"end":{"line":19,"column":56}},"type":"cond-expr","locations":[{"start":{"line":19,"column":27},"end":{"line":19,"column":37}},{"start":{"line":19,"column":40},"end":{"line":19,"column":56}}],"line":19},"3":{"loc":{"start":{"line":24,"column":2},"end":{"line":26,"column":3}},"type":"if","locations":[{"start":{"line":24,"column":2},"end":{"line":26,"column":3}},{"start":{"line":24,"column":2},"end":{"line":26,"column":3}}],"line":24},"4":{"loc":{"start":{"line":30,"column":9},"end":{"line":30,"column":54}},"type":"cond-expr","locations":[{"start":{"line":30,"column":28},"end":{"line":30,"column":37}},{"start":{"line":30,"column":40},"end":{"line":30,"column":54}}],"line":30},"5":{"loc":{"start":{"line":36,"column":7},"end":{"line":36,"column":64}},"type":"cond-expr","locations":[{"start":{"line":36,"column":27},"end":{"line":36,"column":50}},{"start":{"line":36,"column":53},"end":{"line":36,"column":64}}],"line":36}},"s":{"0":13,"1":14,"2":800,"3":13,"4":13,"5":16,"6":16,"7":16,"8":13,"9":21,"10":2,"11":19,"12":19,"13":19,"14":13,"15":13,"16":6,"17":13,"18":8,"19":13},"f":{"0":13,"1":14,"2":800,"3":16,"4":21,"5":6,"6":8},"b":{"0":[800,800],"1":[16,1],"2":[2,14],"3":[2,19],"4":[10,9],"5":[12,1]},"_coverageSchema":"1a1c01bbd47fc00a2c39e90264f33305004495a9","hash":"b9ba2cf5de7fcd69de6950d268e0d25833786021"}
,"F:\\git\\code-test\\src\\table\\composables\\use-pager.ts": {"path":"F:\\git\\code-test\\src\\table\\composables\\use-pager.ts","statementMap":{"0":{"start":{"line":8,"column":27},"end":{"line":8,"column":82}},"1":{"start":{"line":14,"column":23},"end":{"line":16,"column":2}},"2":{"start":{"line":15,"column":2},"end":{"line":15,"column":36}},"3":{"start":{"line":18,"column":1},"end":{"line":20,"column":4}},"4":{"start":{"line":19,"column":2},"end":{"line":19,"column":88}},"5":{"start":{"line":23,"column":1},"end":{"line":25,"column":20}},"6":{"start":{"line":24,"column":2},"end":{"line":24,"column":41}},"7":{"start":{"line":27,"column":1},"end":{"line":30,"column":2}}},"fnMap":{"0":{"name":"usePager","decl":{"start":{"line":7,"column":16},"end":{"line":7,"column":24}},"loc":{"start":{"line":7,"column":87},"end":{"line":31,"column":1}},"line":7},"1":{"name":"(anonymous_1)","decl":{"start":{"line":14,"column":23},"end":{"line":14,"column":24}},"loc":{"start":{"line":14,"column":42},"end":{"line":16,"column":2}},"line":14},"2":{"name":"(anonymous_2)","decl":{"start":{"line":18,"column":13},"end":{"line":18,"column":14}},"loc":{"start":{"line":18,"column":19},"end":{"line":20,"column":2}},"line":18},"3":{"name":"(anonymous_3)","decl":{"start":{"line":23,"column":16},"end":{"line":23,"column":17}},"loc":{"start":{"line":23,"column":28},"end":{"line":25,"column":2}},"line":23}},"branchMap":{"0":{"loc":{"start":{"line":19,"column":28},"end":{"line":19,"column":87}},"type":"binary-expr","locations":[{"start":{"line":19,"column":29},"end":{"line":19,"column":71}},{"start":{"line":19,"column":76},"end":{"line":19,"column":87}}],"line":19},"1":{"loc":{"start":{"line":19,"column":29},"end":{"line":19,"column":71}},"type":"cond-expr","locations":[{"start":{"line":19,"column":45},"end":{"line":19,"column":64}},{"start":{"line":19,"column":67},"end":{"line":19,"column":71}}],"line":19},"2":{"loc":{"start":{"line":24,"column":27},"end":{"line":24,"column":39}},"type":"binary-expr","locations":[{"start":{"line":24,"column":27},"end":{"line":24,"column":33}},{"start":{"line":24,"column":37},"end":{"line":24,"column":39}}],"line":24}},"s":{"0":13,"1":13,"2":1,"3":13,"4":16,"5":13,"6":2,"7":13},"f":{"0":13,"1":1,"2":16,"3":2},"b":{"0":[16,16],"1":[14,2],"2":[2,1]},"_coverageSchema":"1a1c01bbd47fc00a2c39e90264f33305004495a9","hash":"280e250cd1c492bed4e78867c59baa0b06c6f821"}
,"F:\\git\\code-test\\src\\table\\composables\\use-sort.ts": {"path":"F:\\git\\code-test\\src\\table\\composables\\use-sort.ts","statementMap":{"0":{"start":{"line":7,"column":19},"end":{"line":7,"column":70}},"1":{"start":{"line":13,"column":22},"end":{"line":16,"column":2}},"2":{"start":{"line":14,"column":2},"end":{"line":14,"column":29}},"3":{"start":{"line":15,"column":2},"end":{"line":15,"column":80}},"4":{"start":{"line":18,"column":1},"end":{"line":21,"column":2}}},"fnMap":{"0":{"name":"useSort","decl":{"start":{"line":6,"column":16},"end":{"line":6,"column":23}},"loc":{"start":{"line":6,"column":26},"end":{"line":22,"column":1}},"line":6},"1":{"name":"(anonymous_1)","decl":{"start":{"line":13,"column":22},"end":{"line":13,"column":23}},"loc":{"start":{"line":13,"column":47},"end":{"line":16,"column":2}},"line":13}},"branchMap":{"0":{"loc":{"start":{"line":15,"column":20},"end":{"line":15,"column":79}},"type":"cond-expr","locations":[{"start":{"line":15,"column":38},"end":{"line":15,"column":67}},{"start":{"line":15,"column":70},"end":{"line":15,"column":79}}],"line":15}},"s":{"0":13,"1":13,"2":3,"3":3,"4":13},"f":{"0":13,"1":3},"b":{"0":[2,1]},"_coverageSchema":"1a1c01bbd47fc00a2c39e90264f33305004495a9","hash":"116c046e6bc1db21ab79f71401963a1eb7f947f3"}
}
