TN:
SF:src\form\checkbox\checkbox.tsx
FN:15,(anonymous_0)
FN:17,(anonymous_1)
FN:26,(anonymous_2)
FN:42,useEvents
FN:44,(anonymous_4)
FNF:5
FNH:5
FNDA:15,(anonymous_0)
FNDA:27,(anonymous_1)
FNDA:27,(anonymous_2)
FNDA:15,useEvents
FNDA:3,(anonymous_4)
DA:16,15
DA:17,15
DA:18,27
DA:26,15
DA:27,27
DA:43,15
DA:44,15
DA:45,3
DA:46,3
DA:47,3
DA:49,15
LF:11
LH:11
BRF:0
BRH:0
end_of_record
TN:
SF:src\form\checkbox\index.tsx
FNF:0
FNH:0
LF:0
LH:0
BRF:0
BRH:0
end_of_record
TN:
SF:src\form\checkbox\types.ts
FNF:0
FNH:0
DA:9,2
LF:1
LH:1
BRF:0
BRH:0
end_of_record
TN:
SF:src\pagination\const.ts
FNF:0
FNH:0
DA:7,2
DA:8,2
DA:9,2
LF:3
LH:3
BRF:0
BRH:0
end_of_record
TN:
SF:src\pagination\index.tsx
FNF:0
FNH:0
LF:0
LH:0
BRF:0
BRH:0
end_of_record
TN:
SF:src\pagination\item.tsx
FN:15,(anonymous_0)
FN:17,(anonymous_1)
FN:21,(anonymous_2)
FN:29,useClasses
FN:30,(anonymous_4)
FNF:5
FNH:5
FNDA:89,(anonymous_0)
FNDA:1,(anonymous_1)
FNDA:124,(anonymous_2)
FNDA:89,useClasses
FNDA:124,(anonymous_4)
DA:16,89
DA:17,89
DA:18,1
DA:21,89
DA:22,124
DA:30,124
LF:6
LH:6
BRF:0
BRH:0
end_of_record
TN:
SF:src\pagination\pagination.tsx
FN:18,(anonymous_0)
FN:20,(anonymous_1)
FN:35,(anonymous_2)
FN:38,(anonymous_3)
FN:44,(anonymous_4)
FN:51,useClasses
FN:52,(anonymous_6)
FN:58,(anonymous_7)
FN:70,getItemsNumber
FN:78,useRangeItems
FN:81,(anonymous_10)
FN:100,(anonymous_11)
FN:101,(anonymous_12)
FN:104,(anonymous_13)
FN:113,useEvents
FN:121,(anonymous_15)
FN:126,(anonymous_16)
FNF:17
FNH:17
FNDA:18,(anonymous_0)
FNDA:19,(anonymous_1)
FNDA:24,(anonymous_2)
FNDA:1,(anonymous_3)
FNDA:2,(anonymous_4)
FNDA:18,useClasses
FNDA:23,(anonymous_6)
FNDA:24,(anonymous_7)
FNDA:24,getItemsNumber
FNDA:18,useRangeItems
FNDA:24,(anonymous_10)
FNDA:1,(anonymous_11)
FNDA:84,(anonymous_12)
FNDA:1,(anonymous_13)
FNDA:36,useEvents
FNDA:4,(anonymous_15)
FNDA:5,(anonymous_16)
DA:19,18
DA:20,18
DA:21,19
DA:23,18
DA:24,18
DA:25,18
DA:27,18
DA:36,24
DA:38,1
DA:44,2
DA:52,18
DA:53,23
DA:58,18
DA:59,24
DA:64,18
DA:71,24
DA:72,24
DA:73,84
DA:75,24
DA:79,18
DA:81,18
DA:82,24
DA:83,24
DA:85,24
DA:86,7
DA:88,17
DA:89,17
DA:90,17
DA:91,17
DA:95,24
DA:96,24
DA:98,24
DA:100,1
DA:102,84
DA:104,1
DA:108,18
DA:114,36
DA:116,36
DA:121,36
DA:122,4
DA:123,4
DA:126,36
DA:127,5
DA:128,2
DA:130,3
DA:131,3
DA:132,3
DA:135,36
LF:48
LH:48
BRDA:85,0,0,7
BRDA:85,0,1,17
BRDA:95,1,0,24
BRDA:95,1,1,17
BRDA:96,2,0,24
BRDA:96,2,1,17
BRDA:100,3,0,24
BRDA:100,3,1,3
BRDA:104,4,0,24
BRDA:104,4,1,16
BRDA:105,5,0,24
BRDA:105,5,1,17
BRDA:126,6,0,2
BRDA:127,7,0,2
BRDA:127,7,1,3
BRF:15
BRH:15
end_of_record
TN:
SF:src\pagination\types.ts
FNF:0
FNH:0
DA:10,2
DA:25,2
LF:2
LH:2
BRF:0
BRH:0
end_of_record
TN:
SF:src\table\Table.tsx
FN:23,(anonymous_0)
FN:25,(anonymous_1)
FN:26,(anonymous_2)
FN:33,(anonymous_3)
FNF:4
FNH:4
FNDA:13,(anonymous_0)
FNDA:15,(anonymous_1)
FNDA:14,(anonymous_2)
FNDA:25,(anonymous_3)
DA:24,13
DA:25,15
DA:26,14
DA:27,13
DA:28,13
DA:29,13
DA:30,13
DA:31,13
DA:33,13
DA:34,25
DA:35,25
DA:36,25
DA:37,25
DA:39,25
LF:14
LH:14
BRDA:47,0,0,9
BRDA:47,0,1,16
BRDA:50,1,0,25
BRDA:50,1,1,23
BRF:4
BRH:4
end_of_record
TN:
SF:src\table\body.tsx
FN:11,renderBody
FN:15,(anonymous_1)
FN:20,(anonymous_2)
FN:25,(anonymous_3)
FN:29,(anonymous_4)
FNF:5
FNH:5
FNDA:25,renderBody
FNDA:340,(anonymous_1)
FNDA:1,(anonymous_2)
FNDA:1020,(anonymous_3)
FNDA:10,(anonymous_4)
DA:12,25
DA:14,25
DA:16,340
DA:20,1
DA:28,1020
DA:29,1020
DA:30,1020
LF:7
LH:7
BRDA:17,0,0,340
BRDA:17,0,1,30
BRDA:29,1,0,10
BRDA:29,1,1,10
BRDA:31,2,0,10
BRDA:31,2,1,1010
BRF:6
BRH:6
end_of_record
TN:
SF:src\table\const.ts
FNF:0
FNH:0
DA:8,1
DA:21,1
LF:2
LH:2
BRF:0
BRH:0
end_of_record
TN:
SF:src\table\empty.tsx
FN:10,renderEmpty
FNF:1
FNH:1
FNDA:25,renderEmpty
DA:11,25
LF:1
LH:1
BRDA:14,0,0,25
BRDA:14,0,1,24
BRF:2
BRH:2
end_of_record
TN:
SF:src\table\header.tsx
FN:12,renderHeader
FN:37,(anonymous_1)
FN:42,(anonymous_2)
FN:45,(anonymous_3)
FNF:4
FNH:4
FNDA:25,renderHeader
FNDA:69,(anonymous_1)
FNDA:1,(anonymous_2)
FNDA:3,(anonymous_3)
DA:20,25
DA:22,25
DA:23,1
DA:26,24
DA:38,69
DA:39,69
DA:40,69
DA:41,69
DA:42,69
DA:44,69
DA:45,3
LF:11
LH:11
BRDA:22,0,0,1
BRDA:22,0,1,24
BRDA:29,1,0,24
BRDA:29,1,1,3
BRDA:39,2,0,69
BRDA:39,2,1,3
BRDA:40,3,0,69
BRDA:40,3,1,3
BRDA:42,4,0,1
BRDA:42,4,1,1
BRDA:47,5,0,1
BRDA:47,5,1,68
BRDA:48,6,0,69
BRDA:48,6,1,23
BRDA:50,7,0,1
BRDA:50,7,1,22
BRDA:51,8,0,1
BRDA:51,8,1,22
BRF:18
BRH:18
end_of_record
TN:
SF:src\table\index.ts
FNF:0
FNH:0
LF:0
LH:0
BRF:0
BRH:0
end_of_record
TN:
SF:src\table\pagination.tsx
FN:11,renderPagination
FNF:1
FNH:1
FNDA:25,renderPagination
DA:12,25
DA:14,25
DA:15,2
DA:18,23
LF:4
LH:4
BRDA:14,0,0,2
BRDA:14,0,1,23
BRF:2
BRH:2
end_of_record
TN:
SF:src\table\types.ts
FN:47,(anonymous_0)
FN:51,(anonymous_1)
FN:55,(anonymous_2)
FNF:3
FNH:3
FNDA:1,(anonymous_0)
FNDA:1,(anonymous_1)
FNDA:11,(anonymous_2)
DA:44,1
DA:47,1
DA:51,1
DA:55,11
LF:4
LH:4
BRF:0
BRH:0
end_of_record
TN:
SF:src\table\composables\use-checked.ts
FN:6,useChecked
FN:10,(anonymous_1)
FN:11,(anonymous_2)
FN:15,(anonymous_3)
FN:24,(anonymous_4)
FN:27,(anonymous_5)
FN:37,(anonymous_6)
FN:42,(anonymous_7)
FN:43,(anonymous_8)
FNF:9
FNH:9
FNDA:13,useChecked
FNDA:3,(anonymous_1)
FNDA:300,(anonymous_2)
FNDA:3,(anonymous_3)
FNDA:1,(anonymous_4)
FNDA:10,(anonymous_5)
FNDA:1,(anonymous_6)
FNDA:20,(anonymous_7)
FNDA:11,(anonymous_8)
DA:7,13
DA:8,13
DA:10,13
DA:11,300
DA:15,13
DA:16,3
DA:17,3
DA:24,13
DA:25,1
DA:26,1
DA:27,1
DA:28,10
DA:29,9
DA:31,10
DA:33,1
DA:37,13
DA:38,1
DA:39,1
DA:42,13
DA:43,20
DA:46,13
LF:21
LH:21
BRDA:17,0,0,3
BRDA:17,0,1,2
BRDA:28,1,0,9
BRDA:28,1,1,1
BRF:4
BRH:4
end_of_record
TN:
SF:src\table\composables\use-classes.ts
FN:6,useClasses
FN:9,(anonymous_1)
FN:19,(anonymous_2)
FNF:3
FNH:3
FNDA:13,useClasses
FNDA:9,(anonymous_1)
FNDA:9,(anonymous_2)
DA:9,13
DA:10,9
DA:11,9
DA:12,9
DA:19,13
DA:20,9
DA:25,13
LF:7
LH:7
BRDA:10,0,0,9
BRDA:10,0,1,8
BRDA:11,1,0,8
BRDA:11,1,1,1
BRDA:20,2,0,1
BRDA:20,2,1,8
BRF:6
BRH:6
end_of_record
TN:
SF:src\table\composables\use-data.ts
FN:7,useData
FN:8,(anonymous_1)
FN:9,(anonymous_2)
FN:16,(anonymous_3)
FN:23,(anonymous_4)
FN:36,(anonymous_5)
FN:40,(anonymous_6)
FNF:7
FNH:7
FNDA:13,useData
FNDA:14,(anonymous_1)
FNDA:800,(anonymous_2)
FNDA:16,(anonymous_3)
FNDA:21,(anonymous_4)
FNDA:6,(anonymous_5)
FNDA:8,(anonymous_6)
DA:8,13
DA:9,14
DA:10,800
DA:13,13
DA:16,13
DA:17,16
DA:18,16
DA:19,16
DA:23,13
DA:24,21
DA:25,2
DA:28,19
DA:29,19
DA:30,19
DA:33,13
DA:36,13
DA:37,6
DA:40,13
DA:41,8
DA:44,13
LF:20
LH:20
BRDA:10,0,0,800
BRDA:10,0,1,800
BRDA:18,1,0,16
BRDA:18,1,1,1
BRDA:19,2,0,2
BRDA:19,2,1,14
BRDA:24,3,0,2
BRDA:24,3,1,19
BRDA:30,4,0,10
BRDA:30,4,1,9
BRDA:36,5,0,12
BRDA:36,5,1,1
BRF:12
BRH:12
end_of_record
TN:
SF:src\table\composables\use-pager.ts
FN:7,usePager
FN:14,(anonymous_1)
FN:18,(anonymous_2)
FN:23,(anonymous_3)
FNF:4
FNH:4
FNDA:13,usePager
FNDA:1,(anonymous_1)
FNDA:16,(anonymous_2)
FNDA:2,(anonymous_3)
DA:8,13
DA:14,13
DA:15,1
DA:18,13
DA:19,16
DA:23,13
DA:24,2
DA:27,13
LF:8
LH:8
BRDA:19,0,0,16
BRDA:19,0,1,16
BRDA:19,1,0,14
BRDA:19,1,1,2
BRDA:24,2,0,2
BRDA:24,2,1,1
BRF:6
BRH:6
end_of_record
TN:
SF:src\table\composables\use-sort.ts
FN:6,useSort
FN:13,(anonymous_1)
FNF:2
FNH:2
FNDA:13,useSort
FNDA:3,(anonymous_1)
DA:7,13
DA:13,13
DA:14,3
DA:15,3
DA:18,13
LF:5
LH:5
BRDA:15,0,0,2
BRDA:15,0,1,1
BRF:2
BRH:2
end_of_record
