TN:
SF:src\form\checkbox\checkbox.tsx
FN:15,(anonymous_0)
FN:16,(anonymous_1)
FN:22,(anonymous_2)
FN:31,(anonymous_3)
FNF:4
FNH:4
FNDA:15,(anonymous_0)
FNDA:3,(anonymous_1)
FNDA:27,(anonymous_2)
FNDA:27,(anonymous_3)
DA:16,15
DA:17,3
DA:18,3
DA:19,3
DA:22,15
DA:23,27
DA:31,15
DA:32,27
LF:8
LH:8
BRF:0
BRH:0
end_of_record
TN:
SF:src\form\checkbox\index.tsx
FNF:0
FNH:0
LF:0
LH:0
BRF:0
BRH:0
end_of_record
TN:
SF:src\form\checkbox\types.ts
FNF:0
FNH:0
DA:9,2
LF:1
LH:1
BRF:0
BRH:0
end_of_record
TN:
SF:src\pagination\index.tsx
FNF:0
FNH:0
LF:0
LH:0
BRF:0
BRH:0
end_of_record
TN:
SF:src\pagination\item.tsx
FN:15,(anonymous_0)
FN:17,(anonymous_1)
FN:21,(anonymous_2)
FN:29,useClasses
FN:30,(anonymous_4)
FNF:5
FNH:5
FNDA:76,(anonymous_0)
FNDA:1,(anonymous_1)
FNDA:111,(anonymous_2)
FNDA:76,useClasses
FNDA:111,(anonymous_4)
DA:16,76
DA:17,76
DA:18,1
DA:21,76
DA:22,111
DA:30,111
LF:6
LH:6
BRF:0
BRH:0
end_of_record
TN:
SF:src\pagination\pagination.tsx
FN:17,(anonymous_0)
FN:18,(anonymous_1)
FN:33,(anonymous_2)
FN:36,(anonymous_3)
FN:42,(anonymous_4)
FN:49,useClasses
FN:50,(anonymous_6)
FN:56,(anonymous_7)
FN:68,getItemsNumber
FN:76,getRangeItems
FN:77,(anonymous_10)
FN:100,(anonymous_11)
FN:101,(anonymous_12)
FN:104,(anonymous_13)
FN:110,getEvents
FN:118,(anonymous_15)
FN:123,(anonymous_16)
FNF:17
FNH:17
FNDA:17,(anonymous_0)
FNDA:17,(anonymous_1)
FNDA:22,(anonymous_2)
FNDA:1,(anonymous_3)
FNDA:2,(anonymous_4)
FNDA:17,useClasses
FNDA:22,(anonymous_6)
FNDA:22,(anonymous_7)
FNDA:22,getItemsNumber
FNDA:17,getRangeItems
FNDA:22,(anonymous_10)
FNDA:1,(anonymous_11)
FNDA:74,(anonymous_12)
FNDA:1,(anonymous_13)
FNDA:39,getEvents
FNDA:4,(anonymous_15)
FNDA:5,(anonymous_16)
DA:18,17
DA:19,17
DA:21,17
DA:22,17
DA:23,17
DA:25,17
DA:34,22
DA:36,1
DA:42,2
DA:50,17
DA:51,22
DA:56,17
DA:57,22
DA:62,17
DA:69,22
DA:70,22
DA:71,74
DA:73,22
DA:77,17
DA:78,22
DA:79,22
DA:80,22
DA:81,22
DA:82,22
DA:83,22
DA:85,22
DA:86,7
DA:88,15
DA:89,15
DA:90,15
DA:91,15
DA:95,22
DA:96,22
DA:98,22
DA:100,1
DA:102,74
DA:104,1
DA:113,39
DA:118,39
DA:119,4
DA:120,4
DA:123,39
DA:124,5
DA:125,2
DA:127,3
DA:128,3
DA:129,3
DA:132,39
LF:48
LH:48
BRDA:85,0,0,7
BRDA:85,0,1,15
BRDA:95,1,0,22
BRDA:95,1,1,15
BRDA:96,2,0,22
BRDA:96,2,1,15
BRDA:100,3,0,22
BRDA:100,3,1,3
BRDA:104,4,0,22
BRDA:104,4,1,14
BRDA:105,5,0,22
BRDA:105,5,1,15
BRDA:123,6,0,2
BRDA:124,7,0,2
BRDA:124,7,1,3
BRF:15
BRH:15
end_of_record
TN:
SF:src\pagination\types.ts
FNF:0
FNH:0
DA:10,2
DA:25,2
LF:2
LH:2
BRF:0
BRH:0
end_of_record
TN:
SF:src\table\Table.tsx
FN:19,(anonymous_0)
FN:21,(anonymous_1)
FN:22,(anonymous_2)
FN:29,(anonymous_3)
FNF:4
FNH:4
FNDA:12,(anonymous_0)
FNDA:14,(anonymous_1)
FNDA:12,(anonymous_2)
FNDA:20,(anonymous_3)
DA:20,12
DA:21,14
DA:22,12
DA:23,12
DA:24,12
DA:25,12
DA:26,12
DA:27,12
DA:29,12
DA:30,20
DA:31,20
DA:32,20
DA:33,20
DA:35,20
LF:14
LH:14
BRDA:43,0,0,9
BRDA:43,0,1,11
BRDA:46,1,0,20
BRDA:46,1,1,18
BRF:4
BRH:4
end_of_record
TN:
SF:src\table\body.tsx
FN:11,renderBody
FN:15,(anonymous_1)
FN:20,(anonymous_2)
FN:25,(anonymous_3)
FN:29,(anonymous_4)
FNF:5
FNH:5
FNDA:20,renderBody
FNDA:290,(anonymous_1)
FNDA:1,(anonymous_2)
FNDA:870,(anonymous_3)
FNDA:10,(anonymous_4)
DA:12,20
DA:14,20
DA:16,290
DA:20,1
DA:28,870
DA:29,870
DA:30,870
LF:7
LH:7
BRDA:17,0,0,290
BRDA:17,0,1,30
BRDA:29,1,0,10
BRDA:29,1,1,10
BRDA:31,2,0,10
BRDA:31,2,1,860
BRF:6
BRH:6
end_of_record
TN:
SF:src\table\const.ts
FNF:0
FNH:0
DA:8,1
DA:21,1
LF:2
LH:2
BRF:0
BRH:0
end_of_record
TN:
SF:src\table\empty.tsx
FN:10,renderEmpty
FNF:1
FNH:1
FNDA:20,renderEmpty
DA:11,20
LF:1
LH:1
BRDA:14,0,0,20
BRDA:14,0,1,19
BRF:2
BRH:2
end_of_record
TN:
SF:src\table\header.tsx
FN:12,renderHeader
FN:37,(anonymous_1)
FN:42,(anonymous_2)
FN:45,(anonymous_3)
FNF:4
FNH:4
FNDA:20,renderHeader
FNDA:54,(anonymous_1)
FNDA:1,(anonymous_2)
FNDA:3,(anonymous_3)
DA:20,20
DA:22,20
DA:23,1
DA:26,19
DA:38,54
DA:39,54
DA:40,54
DA:41,54
DA:42,54
DA:44,54
DA:45,3
LF:11
LH:11
BRDA:22,0,0,1
BRDA:22,0,1,19
BRDA:29,1,0,19
BRDA:29,1,1,3
BRDA:39,2,0,54
BRDA:39,2,1,3
BRDA:40,3,0,54
BRDA:40,3,1,3
BRDA:42,4,0,1
BRDA:42,4,1,1
BRDA:47,5,0,1
BRDA:47,5,1,53
BRDA:48,6,0,54
BRDA:48,6,1,18
BRDA:50,7,0,1
BRDA:50,7,1,17
BRDA:51,8,0,1
BRDA:51,8,1,17
BRF:18
BRH:18
end_of_record
TN:
SF:src\table\hooks.tsx
FN:13,useSort
FN:20,(anonymous_1)
FN:32,usePager
FN:39,(anonymous_3)
FN:43,(anonymous_4)
FN:48,(anonymous_5)
FN:59,useData
FN:60,(anonymous_7)
FN:61,(anonymous_8)
FN:68,(anonymous_9)
FN:75,(anonymous_10)
FN:88,(anonymous_11)
FN:92,(anonymous_12)
FN:103,useChecked
FN:107,(anonymous_14)
FN:108,(anonymous_15)
FN:112,(anonymous_16)
FN:121,(anonymous_17)
FN:124,(anonymous_18)
FN:134,(anonymous_19)
FN:139,(anonymous_20)
FN:140,(anonymous_21)
FN:152,useClasses
FN:155,(anonymous_23)
FN:165,(anonymous_24)
FNF:25
FNH:25
FNDA:12,useSort
FNDA:3,(anonymous_1)
FNDA:12,usePager
FNDA:1,(anonymous_3)
FNDA:14,(anonymous_4)
FNDA:2,(anonymous_5)
FNDA:12,useData
FNDA:12,(anonymous_7)
FNDA:600,(anonymous_8)
FNDA:14,(anonymous_9)
FNDA:19,(anonymous_10)
FNDA:5,(anonymous_11)
FNDA:7,(anonymous_12)
FNDA:12,useChecked
FNDA:3,(anonymous_14)
FNDA:300,(anonymous_15)
FNDA:3,(anonymous_16)
FNDA:1,(anonymous_17)
FNDA:10,(anonymous_18)
FNDA:1,(anonymous_19)
FNDA:18,(anonymous_20)
FNDA:9,(anonymous_21)
FNDA:12,useClasses
FNDA:6,(anonymous_23)
FNDA:6,(anonymous_24)
DA:14,12
DA:20,12
DA:21,3
DA:22,3
DA:25,12
DA:33,12
DA:39,12
DA:40,1
DA:43,12
DA:44,14
DA:48,12
DA:49,2
DA:52,12
DA:60,12
DA:61,12
DA:62,600
DA:65,12
DA:68,12
DA:69,14
DA:70,14
DA:71,14
DA:75,12
DA:76,19
DA:77,2
DA:80,17
DA:81,17
DA:82,17
DA:85,12
DA:88,12
DA:89,5
DA:92,12
DA:93,7
DA:96,12
DA:104,12
DA:105,12
DA:107,12
DA:108,300
DA:112,12
DA:113,3
DA:114,3
DA:121,12
DA:122,1
DA:123,1
DA:124,1
DA:125,10
DA:126,9
DA:128,10
DA:130,1
DA:134,12
DA:135,1
DA:136,1
DA:139,12
DA:140,18
DA:143,12
DA:155,12
DA:156,6
DA:157,6
DA:158,6
DA:165,12
DA:166,6
DA:171,12
LF:61
LH:61
BRDA:22,0,0,2
BRDA:22,0,1,1
BRDA:44,1,0,14
BRDA:44,1,1,14
BRDA:44,2,0,12
BRDA:44,2,1,2
BRDA:49,3,0,2
BRDA:49,3,1,1
BRDA:62,4,0,600
BRDA:62,4,1,600
BRDA:70,5,0,14
BRDA:70,5,1,1
BRDA:71,6,0,2
BRDA:71,6,1,12
BRDA:76,7,0,2
BRDA:76,7,1,17
BRDA:82,8,0,8
BRDA:82,8,1,9
BRDA:88,9,0,11
BRDA:88,9,1,1
BRDA:114,10,0,3
BRDA:114,10,1,2
BRDA:125,11,0,9
BRDA:125,11,1,1
BRDA:156,12,0,6
BRDA:156,12,1,5
BRDA:157,13,0,5
BRDA:157,13,1,1
BRDA:166,14,0,1
BRDA:166,14,1,5
BRF:30
BRH:30
end_of_record
TN:
SF:src\table\index.ts
FNF:0
FNH:0
LF:0
LH:0
BRF:0
BRH:0
end_of_record
TN:
SF:src\table\pagination.tsx
FN:11,renderPagination
FNF:1
FNH:1
FNDA:20,renderPagination
DA:12,20
DA:14,20
DA:15,2
DA:18,18
LF:4
LH:4
BRDA:14,0,0,2
BRDA:14,0,1,18
BRF:2
BRH:2
end_of_record
TN:
SF:src\table\types.ts
FN:47,(anonymous_0)
FN:51,(anonymous_1)
FN:55,(anonymous_2)
FNF:3
FNH:3
FNDA:1,(anonymous_0)
FNDA:1,(anonymous_1)
FNDA:10,(anonymous_2)
DA:44,1
DA:47,1
DA:51,1
DA:55,10
LF:4
LH:4
BRF:0
BRH:0
end_of_record
